x_LiConc, GrandPotential, u, -u
0.00050000, 5.65564435, -4.21250000, 4.21250000
0.00100000, 5.65560289, -4.15500000, 4.15500000
0.00150000, 5.65555982, -4.12000000, 4.12000000
0.00200000, 5.65551631, -4.09500000, 4.09500000
0.00250000, 5.65547124, -4.07500000, 4.07500000
0.00300000, 5.65543002, -4.06000000, 4.06000000
0.00350000, 5.65538123, -4.04500000, 4.04500000
0.00400000, 5.65533388, -4.03250000, 4.03250000
0.00450000, 5.65529104, -4.02250000, 4.02250000
0.00500000, 5.65524331, -4.01250000, 4.01250000
0.00550000, 5.65520401, -4.00500000, 4.00500000
0.00600000, 5.65514654, -3.99500000, 3.99500000
0.00650000, 5.65509933, -3.98750000, 3.98750000
0.00700000, 5.65504834, -3.98000000, 3.98000000
0.00750000, 5.65501214, -3.97500000, 3.97500000
0.00800000, 5.65495432, -3.96750000, 3.96750000
0.00850000, 5.65491333, -3.96250000, 3.96250000
0.00900000, 5.65484799, -3.95500000, 3.95500000
0.00950000, 5.65480174, -3.95000000, 3.95000000
0.01000000, 5.65475325, -3.94500000, 3.94500000
0.01050000, 5.65470245, -3.94000000, 3.94000000
0.01100000, 5.65464926, -3.93500000, 3.93500000
0.01150000, 5.65459361, -3.93000000, 3.93000000
0.01200000, 5.65453542, -3.92500000, 3.92500000
0.01250000, 5.65447462, -3.92000000, 3.92000000
0.01300000, 5.65441114, -3.91500000, 3.91500000
0.01350000, 5.65434490, -3.91000000, 3.91000000
0.01400000, 5.65427585, -3.90500000, 3.90500000
0.01450000, 5.65424024, -3.90250000, 3.90250000
0.01500000, 5.65416684, -3.89750000, 3.89750000
0.01550000, 5.65409046, -3.89250000, 3.89250000
0.01600000, 5.65405114, -3.89000000, 3.89000000
0.01650000, 5.65397020, -3.88500000, 3.88500000
0.01700000, 5.65388616, -3.88000000, 3.88000000
0.01750000, 5.65384295, -3.87750000, 3.87750000
0.01800000, 5.65375416, -3.87250000, 3.87250000
0.01850000, 5.65370856, -3.87000000, 3.87000000
0.01900000, 5.65361494, -3.86500000, 3.86500000
0.01950000, 5.65356690, -3.86250000, 3.86250000
0.02000000, 5.65346837, -3.85750000, 3.85750000
0.02050000, 5.65341787, -3.85500000, 3.85500000
0.02100000, 5.65331437, -3.85000000, 3.85000000
0.02150000, 5.65326138, -3.84750000, 3.84750000
0.02200000, 5.65315288, -3.84250000, 3.84250000
0.02250000, 5.65309738, -3.84000000, 3.84000000
0.02300000, 5.65298386, -3.83500000, 3.83500000
0.02350000, 5.65292584, -3.83250000, 3.83250000
0.02400000, 5.65280729, -3.82750000, 3.82750000
0.02450000, 5.65274676, -3.82500000, 3.82500000
0.02500000, 5.65262320, -3.82000000, 3.82000000
0.02550000, 5.65256016, -3.81750000, 3.81750000
0.02600000, 5.65243161, -3.81250000, 3.81250000
0.02650000, 5.65236609, -3.81000000, 3.81000000
0.02700000, 5.65223258, -3.80500000, 3.80500000
0.02750000, 5.65216460, -3.80250000, 3.80250000
0.02800000, 5.65202620, -3.79750000, 3.79750000
0.02850000, 5.65188457, -3.79250000, 3.79250000
0.02900000, 5.65181256, -3.79000000, 3.79000000
0.02950000, 5.65166614, -3.78500000, 3.78500000
0.03000000, 5.65159176, -3.78250000, 3.78250000
0.03050000, 5.65144064, -3.77750000, 3.77750000
0.03100000, 5.65128643, -3.77250000, 3.77250000
0.03150000, 5.65120819, -3.77000000, 3.77000000
0.03200000, 5.65104942, -3.76500000, 3.76500000
0.03250000, 5.65096891, -3.76250000, 3.76250000
0.03300000, 5.65080567, -3.75750000, 3.75750000
0.03350000, 5.65063950, -3.75250000, 3.75250000
0.03400000, 5.65047043, -3.74750000, 3.74750000
0.03450000, 5.65038482, -3.74500000, 3.74500000
0.03500000, 5.65021148, -3.74000000, 3.74000000
0.03550000, 5.65003533, -3.73500000, 3.73500000
0.03600000, 5.64985640, -3.73000000, 3.73000000
0.03650000, 5.64967473, -3.72500000, 3.72500000
0.03700000, 5.64958288, -3.72250000, 3.72250000
0.03750000, 5.64939713, -3.71750000, 3.71750000
0.03800000, 5.64920870, -3.71250000, 3.71250000
0.03850000, 5.64901759, -3.70750000, 3.70750000
0.03900000, 5.64882381, -3.70250000, 3.70250000
0.03950000, 5.64862736, -3.69750000, 3.69750000
0.04000000, 5.64842825, -3.69250000, 3.69250000
0.04050000, 5.64822645, -3.68750000, 3.68750000
0.04100000, 5.64812454, -3.68500000, 3.68500000
0.04150000, 5.64791868, -3.68000000, 3.68000000
0.04200000, 5.64771007, -3.67500000, 3.67500000
0.04250000, 5.64749866, -3.67000000, 3.67000000
0.04300000, 5.64728440, -3.66500000, 3.66500000
0.04350000, 5.64717617, -3.66250000, 3.66250000
0.04400000, 5.64695749, -3.65750000, 3.65750000
0.04450000, 5.64684700, -3.65500000, 3.65500000
0.04500000, 5.64662368, -3.65000000, 3.65000000
0.04550000, 5.64639711, -3.64500000, 3.64500000
0.04600000, 5.64628257, -3.64250000, 3.64250000
0.04650000, 5.64616715, -3.64000000, 3.64000000
0.04700000, 5.64593363, -3.63500000, 3.63500000
0.04750000, 5.64581548, -3.63250000, 3.63250000
0.04800000, 5.64569636, -3.63000000, 3.63000000
0.04850000, 5.64545509, -3.62500000, 3.62500000
0.04900000, 5.64533288, -3.62250000, 3.62250000
0.04950000, 5.64520957, -3.62000000, 3.62000000
0.05000000, 5.64508512, -3.61750000, 3.61750000
0.05050000, 5.64495949, -3.61500000, 3.61500000
0.05100000, 5.64483263, -3.61250000, 3.61250000
0.05150000, 5.64470450, -3.61000000, 3.61000000
0.05200000, 5.64457504, -3.60750000, 3.60750000
0.05250000, 5.64444421, -3.60500000, 3.60500000
0.05300000, 5.64431194, -3.60250000, 3.60250000
0.05350000, 5.64431194, -3.60250000, 3.60250000
0.05400000, 5.64417816, -3.60000000, 3.60000000
0.05450000, 5.64404283, -3.59750000, 3.59750000
0.05500000, 5.64390585, -3.59500000, 3.59500000
0.05550000, 5.64376717, -3.59250000, 3.59250000
0.05600000, 5.64376717, -3.59250000, 3.59250000
0.05650000, 5.64362671, -3.59000000, 3.59000000
0.05700000, 5.64348437, -3.58750000, 3.58750000
0.05750000, 5.64348437, -3.58750000, 3.58750000
0.05800000, 5.64334008, -3.58500000, 3.58500000
0.05850000, 5.64334008, -3.58500000, 3.58500000
0.05900000, 5.64319375, -3.58250000, 3.58250000
0.05950000, 5.64304527, -3.58000000, 3.58000000
0.06000000, 5.64304527, -3.58000000, 3.58000000
0.06050000, 5.64289455, -3.57750000, 3.57750000
0.06100000, 5.64289455, -3.57750000, 3.57750000
0.06150000, 5.64274149, -3.57500000, 3.57500000
0.06200000, 5.64274149, -3.57500000, 3.57500000
0.06250000, 5.64258596, -3.57250000, 3.57250000
0.06300000, 5.64258596, -3.57250000, 3.57250000
0.06350000, 5.64242786, -3.57000000, 3.57000000
0.06400000, 5.64242786, -3.57000000, 3.57000000
0.06450000, 5.64226708, -3.56750000, 3.56750000
0.06500000, 5.64226708, -3.56750000, 3.56750000
0.06550000, 5.64210348, -3.56500000, 3.56500000
0.06600000, 5.64210348, -3.56500000, 3.56500000
0.06650000, 5.64210348, -3.56500000, 3.56500000
0.06700000, 5.64193693, -3.56250000, 3.56250000
0.06750000, 5.64193693, -3.56250000, 3.56250000
0.06800000, 5.64176732, -3.56000000, 3.56000000
0.06850000, 5.64176732, -3.56000000, 3.56000000
0.06900000, 5.64176732, -3.56000000, 3.56000000
0.06950000, 5.64159450, -3.55750000, 3.55750000
0.07000000, 5.64159450, -3.55750000, 3.55750000
0.07050000, 5.64141834, -3.55500000, 3.55500000
0.07100000, 5.64141834, -3.55500000, 3.55500000
0.07150000, 5.64141834, -3.55500000, 3.55500000
0.07200000, 5.64123870, -3.55250000, 3.55250000
0.07250000, 5.64123870, -3.55250000, 3.55250000
0.07300000, 5.64123870, -3.55250000, 3.55250000
0.07350000, 5.64105544, -3.55000000, 3.55000000
0.07400000, 5.64105544, -3.55000000, 3.55000000
0.07450000, 5.64105544, -3.55000000, 3.55000000
0.07500000, 5.64086841, -3.54750000, 3.54750000
0.07550000, 5.64086841, -3.54750000, 3.54750000
0.07600000, 5.64086841, -3.54750000, 3.54750000
0.07650000, 5.64067747, -3.54500000, 3.54500000
0.07700000, 5.64067747, -3.54500000, 3.54500000
0.07750000, 5.64067747, -3.54500000, 3.54500000
0.07800000, 5.64048249, -3.54250000, 3.54250000
0.07850000, 5.64048249, -3.54250000, 3.54250000
0.07900000, 5.64048249, -3.54250000, 3.54250000
0.07950000, 5.64048249, -3.54250000, 3.54250000
0.08000000, 5.64028333, -3.54000000, 3.54000000
0.08050000, 5.64028333, -3.54000000, 3.54000000
0.08100000, 5.64028333, -3.54000000, 3.54000000
0.08150000, 5.64007984, -3.53750000, 3.53750000
0.08200000, 5.64007984, -3.53750000, 3.53750000
0.08250000, 5.64007984, -3.53750000, 3.53750000
0.08300000, 5.64007984, -3.53750000, 3.53750000
0.08350000, 5.63987189, -3.53500000, 3.53500000
0.08400000, 5.63987189, -3.53500000, 3.53500000
0.08450000, 5.63987189, -3.53500000, 3.53500000
0.08500000, 5.63987189, -3.53500000, 3.53500000
0.08550000, 5.63965935, -3.53250000, 3.53250000
0.08600000, 5.63965935, -3.53250000, 3.53250000
0.08650000, 5.63965935, -3.53250000, 3.53250000
0.08700000, 5.63944210, -3.53000000, 3.53000000
0.08750000, 5.63944210, -3.53000000, 3.53000000
0.08800000, 5.63944210, -3.53000000, 3.53000000
0.08850000, 5.63944210, -3.53000000, 3.53000000
0.08900000, 5.63922003, -3.52750000, 3.52750000
0.08950000, 5.63922003, -3.52750000, 3.52750000
0.09000000, 5.63922003, -3.52750000, 3.52750000
0.09050000, 5.63922003, -3.52750000, 3.52750000
0.09100000, 5.63899302, -3.52500000, 3.52500000
0.09150000, 5.63899302, -3.52500000, 3.52500000
0.09200000, 5.63899302, -3.52500000, 3.52500000
0.09250000, 5.63899302, -3.52500000, 3.52500000
0.09300000, 5.63876097, -3.52250000, 3.52250000
0.09350000, 5.63876097, -3.52250000, 3.52250000
0.09400000, 5.63876097, -3.52250000, 3.52250000
0.09450000, 5.63876097, -3.52250000, 3.52250000
0.09500000, 5.63852380, -3.52000000, 3.52000000
0.09550000, 5.63852380, -3.52000000, 3.52000000
0.09600000, 5.63852380, -3.52000000, 3.52000000
0.09650000, 5.63852380, -3.52000000, 3.52000000
0.09700000, 5.63828142, -3.51750000, 3.51750000
0.09750000, 5.63828142, -3.51750000, 3.51750000
0.09800000, 5.63828142, -3.51750000, 3.51750000
0.09850000, 5.63828142, -3.51750000, 3.51750000
0.09900000, 5.63828142, -3.51750000, 3.51750000
0.09950000, 5.63803377, -3.51500000, 3.51500000
0.10000000, 5.63803377, -3.51500000, 3.51500000
0.10050000, 5.63803377, -3.51500000, 3.51500000
0.10100000, 5.63803377, -3.51500000, 3.51500000
0.10150000, 5.63778080, -3.51250000, 3.51250000
0.10200000, 5.63778080, -3.51250000, 3.51250000
0.10250000, 5.63778080, -3.51250000, 3.51250000
0.10300000, 5.63778080, -3.51250000, 3.51250000
0.10350000, 5.63752246, -3.51000000, 3.51000000
0.10400000, 5.63752246, -3.51000000, 3.51000000
0.10450000, 5.63752246, -3.51000000, 3.51000000
0.10500000, 5.63752246, -3.51000000, 3.51000000
0.10550000, 5.63725873, -3.50750000, 3.50750000
0.10600000, 5.63725873, -3.50750000, 3.50750000
0.10650000, 5.63725873, -3.50750000, 3.50750000
0.10700000, 5.63725873, -3.50750000, 3.50750000
0.10750000, 5.63725873, -3.50750000, 3.50750000
0.10800000, 5.63698959, -3.50500000, 3.50500000
0.10850000, 5.63698959, -3.50500000, 3.50500000
0.10900000, 5.63698959, -3.50500000, 3.50500000
0.10950000, 5.63698959, -3.50500000, 3.50500000
0.11000000, 5.63671505, -3.50250000, 3.50250000
0.11050000, 5.63671505, -3.50250000, 3.50250000
0.11100000, 5.63671505, -3.50250000, 3.50250000
0.11150000, 5.63671505, -3.50250000, 3.50250000
0.11200000, 5.63643512, -3.50000000, 3.50000000
0.11250000, 5.63643512, -3.50000000, 3.50000000
0.11300000, 5.63643512, -3.50000000, 3.50000000
0.11350000, 5.63643512, -3.50000000, 3.50000000
0.11400000, 5.63643512, -3.50000000, 3.50000000
0.11450000, 5.63614984, -3.49750000, 3.49750000
0.11500000, 5.63614984, -3.49750000, 3.49750000
0.11550000, 5.63614984, -3.49750000, 3.49750000
0.11600000, 5.63614984, -3.49750000, 3.49750000
0.11650000, 5.63585924, -3.49500000, 3.49500000
0.11700000, 5.63585924, -3.49500000, 3.49500000
0.11750000, 5.63585924, -3.49500000, 3.49500000
0.11800000, 5.63585924, -3.49500000, 3.49500000
0.11850000, 5.63556340, -3.49250000, 3.49250000
0.11900000, 5.63556340, -3.49250000, 3.49250000
0.11950000, 5.63556340, -3.49250000, 3.49250000
0.12000000, 5.63556340, -3.49250000, 3.49250000
0.12050000, 5.63526237, -3.49000000, 3.49000000
0.12100000, 5.63526237, -3.49000000, 3.49000000
0.12150000, 5.63526237, -3.49000000, 3.49000000
0.12200000, 5.63526237, -3.49000000, 3.49000000
0.12250000, 5.63495624, -3.48750000, 3.48750000
0.12300000, 5.63495624, -3.48750000, 3.48750000
0.12350000, 5.63495624, -3.48750000, 3.48750000
0.12400000, 5.63495624, -3.48750000, 3.48750000
0.12450000, 5.63464512, -3.48500000, 3.48500000
0.12500000, 5.63464512, -3.48500000, 3.48500000
0.12550000, 5.63464512, -3.48500000, 3.48500000
0.12600000, 5.63464512, -3.48500000, 3.48500000
0.12650000, 5.63432910, -3.48250000, 3.48250000
0.12700000, 5.63432910, -3.48250000, 3.48250000
0.12750000, 5.63432910, -3.48250000, 3.48250000
0.12800000, 5.63432910, -3.48250000, 3.48250000
0.12850000, 5.63400830, -3.48000000, 3.48000000
0.12900000, 5.63400830, -3.48000000, 3.48000000
0.12950000, 5.63400830, -3.48000000, 3.48000000
0.13000000, 5.63400830, -3.48000000, 3.48000000
0.13050000, 5.63368285, -3.47750000, 3.47750000
0.13100000, 5.63368285, -3.47750000, 3.47750000
0.13150000, 5.63368285, -3.47750000, 3.47750000
0.13200000, 5.63335287, -3.47500000, 3.47500000
0.13250000, 5.63335287, -3.47500000, 3.47500000
0.13300000, 5.63335287, -3.47500000, 3.47500000
0.13350000, 5.63335287, -3.47500000, 3.47500000
0.13400000, 5.63301851, -3.47250000, 3.47250000
0.13450000, 5.63301851, -3.47250000, 3.47250000
0.13500000, 5.63301851, -3.47250000, 3.47250000
0.13550000, 5.63267990, -3.47000000, 3.47000000
0.13600000, 5.63267990, -3.47000000, 3.47000000
0.13650000, 5.63267990, -3.47000000, 3.47000000
0.13700000, 5.63267990, -3.47000000, 3.47000000
0.13750000, 5.63233720, -3.46750000, 3.46750000
0.13800000, 5.63233720, -3.46750000, 3.46750000
0.13850000, 5.63233720, -3.46750000, 3.46750000
0.13900000, 5.63199056, -3.46500000, 3.46500000
0.13950000, 5.63199056, -3.46500000, 3.46500000
0.14000000, 5.63199056, -3.46500000, 3.46500000
0.14050000, 5.63164012, -3.46250000, 3.46250000
0.14100000, 5.63164012, -3.46250000, 3.46250000
0.14150000, 5.63164012, -3.46250000, 3.46250000
0.14200000, 5.63128604, -3.46000000, 3.46000000
0.14250000, 5.63128604, -3.46000000, 3.46000000
0.14300000, 5.63128604, -3.46000000, 3.46000000
0.14350000, 5.63092848, -3.45750000, 3.45750000
0.14400000, 5.63092848, -3.45750000, 3.45750000
0.14450000, 5.63056758, -3.45500000, 3.45500000
0.14500000, 5.63056758, -3.45500000, 3.45500000
0.14550000, 5.63056758, -3.45500000, 3.45500000
0.14600000, 5.63020350, -3.45250000, 3.45250000
0.14650000, 5.63020350, -3.45250000, 3.45250000
0.14700000, 5.62983639, -3.45000000, 3.45000000
0.14750000, 5.62983639, -3.45000000, 3.45000000
0.14800000, 5.62946639, -3.44750000, 3.44750000
0.14850000, 5.62946639, -3.44750000, 3.44750000
0.14900000, 5.62946639, -3.44750000, 3.44750000
0.14950000, 5.62909364, -3.44500000, 3.44500000
0.15000000, 5.62909364, -3.44500000, 3.44500000
0.15050000, 5.62871829, -3.44250000, 3.44250000
0.15100000, 5.62871829, -3.44250000, 3.44250000
0.15150000, 5.62834046, -3.44000000, 3.44000000
0.15200000, 5.62834046, -3.44000000, 3.44000000
0.15250000, 5.62796030, -3.43750000, 3.43750000
0.15300000, 5.62757792, -3.43500000, 3.43500000
0.15350000, 5.62757792, -3.43500000, 3.43500000
0.15400000, 5.62719345, -3.43250000, 3.43250000
0.15450000, 5.62719345, -3.43250000, 3.43250000
0.15500000, 5.62680701, -3.43000000, 3.43000000
0.15550000, 5.62641870, -3.42750000, 3.42750000
0.15600000, 5.62641870, -3.42750000, 3.42750000
0.15650000, 5.62602863, -3.42500000, 3.42500000
0.15700000, 5.62563691, -3.42250000, 3.42250000
0.15750000, 5.62524364, -3.42000000, 3.42000000
0.15800000, 5.62484889, -3.41750000, 3.41750000
0.15850000, 5.62445277, -3.41500000, 3.41500000
0.15900000, 5.62405536, -3.41250000, 3.41250000
0.15950000, 5.62365673, -3.41000000, 3.41000000
0.16000000, 5.62325696, -3.40750000, 3.40750000
0.16050000, 5.62285612, -3.40500000, 3.40500000
0.16100000, 5.62245427, -3.40250000, 3.40250000
0.16150000, 5.62164782, -3.39750000, 3.39750000
0.16200000, 5.62124332, -3.39500000, 3.39500000
0.16250000, 5.62043205, -3.39000000, 3.39000000
0.16300000, 5.61961806, -3.38500000, 3.38500000
0.16350000, 5.61880168, -3.38000000, 3.38000000
0.16400000, 5.61757327, -3.37250000, 3.37250000
0.16450000, 5.61634099, -3.36500000, 3.36500000
0.16500000, 5.61469312, -3.35500000, 3.35500000
0.16550000, 5.61262730, -3.34250000, 3.34250000
0.16600000, 5.60889741, -3.32000000, 3.32000000
0.16650000, 5.60099813, -3.27250000, 3.27250000
0.16700000, 5.58015676, -3.14750000, 3.14750000
0.16750000, 5.57388668, -3.11000000, 3.11000000
0.16800000, 5.57053231, -3.09000000, 3.09000000
0.16850000, 5.56842916, -3.07750000, 3.07750000
0.16900000, 5.56716373, -3.07000000, 3.07000000
0.16950000, 5.56589484, -3.06250000, 3.06250000
0.17000000, 5.56462166, -3.05500000, 3.05500000
0.17050000, 5.56376997, -3.05000000, 3.05000000
0.17100000, 5.56334312, -3.04750000, 3.04750000
0.17150000, 5.56248715, -3.04250000, 3.04250000
0.17200000, 5.56205792, -3.04000000, 3.04000000
0.17250000, 5.56119662, -3.03500000, 3.03500000
0.17300000, 5.56076441, -3.03250000, 3.03250000
0.17350000, 5.56033106, -3.03000000, 3.03000000
0.17400000, 5.55989648, -3.02750000, 3.02750000
0.17450000, 5.55946057, -3.02500000, 3.02500000
0.17500000, 5.55902325, -3.02250000, 3.02250000
0.17550000, 5.55902325, -3.02250000, 3.02250000
0.17600000, 5.55858439, -3.02000000, 3.02000000
0.17650000, 5.55814391, -3.01750000, 3.01750000
0.17700000, 5.55770166, -3.01500000, 3.01500000
0.17750000, 5.55770166, -3.01500000, 3.01500000
0.17800000, 5.55725754, -3.01250000, 3.01250000
0.17850000, 5.55681140, -3.01000000, 3.01000000
0.17900000, 5.55681140, -3.01000000, 3.01000000
0.17950000, 5.55636310, -3.00750000, 3.00750000
0.18000000, 5.55636310, -3.00750000, 3.00750000
0.18050000, 5.55591249, -3.00500000, 3.00500000
0.18100000, 5.55591249, -3.00500000, 3.00500000
0.18150000, 5.55545941, -3.00250000, 3.00250000
0.18200000, 5.55545941, -3.00250000, 3.00250000
0.18250000, 5.55500370, -3.00000000, 3.00000000
0.18300000, 5.55500370, -3.00000000, 3.00000000
0.18350000, 5.55454518, -2.99750000, 2.99750000
0.18400000, 5.55454518, -2.99750000, 2.99750000
0.18450000, 5.55454518, -2.99750000, 2.99750000
0.18500000, 5.55408367, -2.99500000, 2.99500000
0.18550000, 5.55408367, -2.99500000, 2.99500000
0.18600000, 5.55361899, -2.99250000, 2.99250000
0.18650000, 5.55361899, -2.99250000, 2.99250000
0.18700000, 5.55361899, -2.99250000, 2.99250000
0.18750000, 5.55315092, -2.99000000, 2.99000000
0.18800000, 5.55315092, -2.99000000, 2.99000000
0.18850000, 5.55315092, -2.99000000, 2.99000000
0.18900000, 5.55267927, -2.98750000, 2.98750000
0.18950000, 5.55267927, -2.98750000, 2.98750000
0.19000000, 5.55267927, -2.98750000, 2.98750000
0.19050000, 5.55220384, -2.98500000, 2.98500000
0.19100000, 5.55220384, -2.98500000, 2.98500000
0.19150000, 5.55220384, -2.98500000, 2.98500000
0.19200000, 5.55172440, -2.98250000, 2.98250000
0.19250000, 5.55172440, -2.98250000, 2.98250000
0.19300000, 5.55172440, -2.98250000, 2.98250000
0.19350000, 5.55124073, -2.98000000, 2.98000000
0.19400000, 5.55124073, -2.98000000, 2.98000000
0.19450000, 5.55124073, -2.98000000, 2.98000000
0.19500000, 5.55124073, -2.98000000, 2.98000000
0.19550000, 5.55075262, -2.97750000, 2.97750000
0.19600000, 5.55075262, -2.97750000, 2.97750000
0.19650000, 5.55075262, -2.97750000, 2.97750000
0.19700000, 5.55075262, -2.97750000, 2.97750000
0.19750000, 5.55025984, -2.97500000, 2.97500000
0.19800000, 5.55025984, -2.97500000, 2.97500000
0.19850000, 5.55025984, -2.97500000, 2.97500000
0.19900000, 5.55025984, -2.97500000, 2.97500000
0.19950000, 5.54976217, -2.97250000, 2.97250000
0.20000000, 5.54976217, -2.97250000, 2.97250000
0.20050000, 5.54976217, -2.97250000, 2.97250000
0.20100000, 5.54976217, -2.97250000, 2.97250000
0.20150000, 5.54925938, -2.97000000, 2.97000000
0.20200000, 5.54925938, -2.97000000, 2.97000000
0.20250000, 5.54925938, -2.97000000, 2.97000000
0.20300000, 5.54925938, -2.97000000, 2.97000000
0.20350000, 5.54875125, -2.96750000, 2.96750000
0.20400000, 5.54875125, -2.96750000, 2.96750000
0.20450000, 5.54875125, -2.96750000, 2.96750000
0.20500000, 5.54875125, -2.96750000, 2.96750000
0.20550000, 5.54823758, -2.96500000, 2.96500000
0.20600000, 5.54823758, -2.96500000, 2.96500000
0.20650000, 5.54823758, -2.96500000, 2.96500000
0.20700000, 5.54823758, -2.96500000, 2.96500000
0.20750000, 5.54823758, -2.96500000, 2.96500000
0.20800000, 5.54771815, -2.96250000, 2.96250000
0.20850000, 5.54771815, -2.96250000, 2.96250000
0.20900000, 5.54771815, -2.96250000, 2.96250000
0.20950000, 5.54771815, -2.96250000, 2.96250000
0.21000000, 5.54771815, -2.96250000, 2.96250000
0.21050000, 5.54719277, -2.96000000, 2.96000000
0.21100000, 5.54719277, -2.96000000, 2.96000000
0.21150000, 5.54719277, -2.96000000, 2.96000000
0.21200000, 5.54719277, -2.96000000, 2.96000000
0.21250000, 5.54719277, -2.96000000, 2.96000000
0.21300000, 5.54666126, -2.95750000, 2.95750000
0.21350000, 5.54666126, -2.95750000, 2.95750000
0.21400000, 5.54666126, -2.95750000, 2.95750000
0.21450000, 5.54666126, -2.95750000, 2.95750000
0.21500000, 5.54666126, -2.95750000, 2.95750000
0.21550000, 5.54612343, -2.95500000, 2.95500000
0.21600000, 5.54612343, -2.95500000, 2.95500000
0.21650000, 5.54612343, -2.95500000, 2.95500000
0.21700000, 5.54612343, -2.95500000, 2.95500000
0.21750000, 5.54612343, -2.95500000, 2.95500000
0.21800000, 5.54557914, -2.95250000, 2.95250000
0.21850000, 5.54557914, -2.95250000, 2.95250000
0.21900000, 5.54557914, -2.95250000, 2.95250000
0.21950000, 5.54557914, -2.95250000, 2.95250000
0.22000000, 5.54557914, -2.95250000, 2.95250000
0.22050000, 5.54502824, -2.95000000, 2.95000000
0.22100000, 5.54502824, -2.95000000, 2.95000000
0.22150000, 5.54502824, -2.95000000, 2.95000000
0.22200000, 5.54502824, -2.95000000, 2.95000000
0.22250000, 5.54502824, -2.95000000, 2.95000000
0.22300000, 5.54502824, -2.95000000, 2.95000000
0.22350000, 5.54447062, -2.94750000, 2.94750000
0.22400000, 5.54447062, -2.94750000, 2.94750000
0.22450000, 5.54447062, -2.94750000, 2.94750000
0.22500000, 5.54447062, -2.94750000, 2.94750000
0.22550000, 5.54447062, -2.94750000, 2.94750000
0.22600000, 5.54390617, -2.94500000, 2.94500000
0.22650000, 5.54390617, -2.94500000, 2.94500000
0.22700000, 5.54390617, -2.94500000, 2.94500000
0.22750000, 5.54390617, -2.94500000, 2.94500000
0.22800000, 5.54390617, -2.94500000, 2.94500000
0.22850000, 5.54390617, -2.94500000, 2.94500000
0.22900000, 5.54333481, -2.94250000, 2.94250000
0.22950000, 5.54333481, -2.94250000, 2.94250000
0.23000000, 5.54333481, -2.94250000, 2.94250000
0.23050000, 5.54333481, -2.94250000, 2.94250000
0.23100000, 5.54333481, -2.94250000, 2.94250000
0.23150000, 5.54275649, -2.94000000, 2.94000000
0.23200000, 5.54275649, -2.94000000, 2.94000000
0.23250000, 5.54275649, -2.94000000, 2.94000000
0.23300000, 5.54275649, -2.94000000, 2.94000000
0.23350000, 5.54275649, -2.94000000, 2.94000000
0.23400000, 5.54275649, -2.94000000, 2.94000000
0.23450000, 5.54217118, -2.93750000, 2.93750000
0.23500000, 5.54217118, -2.93750000, 2.93750000
0.23550000, 5.54217118, -2.93750000, 2.93750000
0.23600000, 5.54217118, -2.93750000, 2.93750000
0.23650000, 5.54217118, -2.93750000, 2.93750000
0.23700000, 5.54157887, -2.93500000, 2.93500000
0.23750000, 5.54157887, -2.93500000, 2.93500000
0.23800000, 5.54157887, -2.93500000, 2.93500000
0.23850000, 5.54157887, -2.93500000, 2.93500000
0.23900000, 5.54157887, -2.93500000, 2.93500000
0.23950000, 5.54157887, -2.93500000, 2.93500000
0.24000000, 5.54097958, -2.93250000, 2.93250000
0.24050000, 5.54097958, -2.93250000, 2.93250000
0.24100000, 5.54097958, -2.93250000, 2.93250000
0.24150000, 5.54097958, -2.93250000, 2.93250000
0.24200000, 5.54097958, -2.93250000, 2.93250000
0.24250000, 5.54037333, -2.93000000, 2.93000000
0.24300000, 5.54037333, -2.93000000, 2.93000000
0.24350000, 5.54037333, -2.93000000, 2.93000000
0.24400000, 5.54037333, -2.93000000, 2.93000000
0.24450000, 5.54037333, -2.93000000, 2.93000000
0.24500000, 5.54037333, -2.93000000, 2.93000000
0.24550000, 5.53976020, -2.92750000, 2.92750000
0.24600000, 5.53976020, -2.92750000, 2.92750000
0.24650000, 5.53976020, -2.92750000, 2.92750000
0.24700000, 5.53976020, -2.92750000, 2.92750000
0.24750000, 5.53976020, -2.92750000, 2.92750000
0.24800000, 5.53914025, -2.92500000, 2.92500000
0.24850000, 5.53914025, -2.92500000, 2.92500000
0.24900000, 5.53914025, -2.92500000, 2.92500000
0.24950000, 5.53914025, -2.92500000, 2.92500000
0.25000000, 5.53914025, -2.92500000, 2.92500000
0.25050000, 5.53914025, -2.92500000, 2.92500000
0.25100000, 5.53851361, -2.92250000, 2.92250000
0.25150000, 5.53851361, -2.92250000, 2.92250000
0.25200000, 5.53851361, -2.92250000, 2.92250000
0.25250000, 5.53851361, -2.92250000, 2.92250000
0.25300000, 5.53851361, -2.92250000, 2.92250000
0.25350000, 5.53788037, -2.92000000, 2.92000000
0.25400000, 5.53788037, -2.92000000, 2.92000000
0.25450000, 5.53788037, -2.92000000, 2.92000000
0.25500000, 5.53788037, -2.92000000, 2.92000000
0.25550000, 5.53788037, -2.92000000, 2.92000000
0.25600000, 5.53724069, -2.91750000, 2.91750000
0.25650000, 5.53724069, -2.91750000, 2.91750000
0.25700000, 5.53724069, -2.91750000, 2.91750000
0.25750000, 5.53724069, -2.91750000, 2.91750000
0.25800000, 5.53724069, -2.91750000, 2.91750000
0.25850000, 5.53659470, -2.91500000, 2.91500000
0.25900000, 5.53659470, -2.91500000, 2.91500000
0.25950000, 5.53659470, -2.91500000, 2.91500000
0.26000000, 5.53659470, -2.91500000, 2.91500000
0.26050000, 5.53659470, -2.91500000, 2.91500000
0.26100000, 5.53594259, -2.91250000, 2.91250000
0.26150000, 5.53594259, -2.91250000, 2.91250000
0.26200000, 5.53594259, -2.91250000, 2.91250000
0.26250000, 5.53594259, -2.91250000, 2.91250000
0.26300000, 5.53594259, -2.91250000, 2.91250000
0.26350000, 5.53528451, -2.91000000, 2.91000000
0.26400000, 5.53528451, -2.91000000, 2.91000000
0.26450000, 5.53528451, -2.91000000, 2.91000000
0.26500000, 5.53528451, -2.91000000, 2.91000000
0.26550000, 5.53528451, -2.91000000, 2.91000000
0.26600000, 5.53462065, -2.90750000, 2.90750000
0.26650000, 5.53462065, -2.90750000, 2.90750000
0.26700000, 5.53462065, -2.90750000, 2.90750000
0.26750000, 5.53462065, -2.90750000, 2.90750000
0.26800000, 5.53395120, -2.90500000, 2.90500000
0.26850000, 5.53395120, -2.90500000, 2.90500000
0.26900000, 5.53395120, -2.90500000, 2.90500000
0.26950000, 5.53395120, -2.90500000, 2.90500000
0.27000000, 5.53327636, -2.90250000, 2.90250000
0.27050000, 5.53327636, -2.90250000, 2.90250000
0.27100000, 5.53327636, -2.90250000, 2.90250000
0.27150000, 5.53327636, -2.90250000, 2.90250000
0.27200000, 5.53327636, -2.90250000, 2.90250000
0.27250000, 5.53259632, -2.90000000, 2.90000000
0.27300000, 5.53259632, -2.90000000, 2.90000000
0.27350000, 5.53259632, -2.90000000, 2.90000000
0.27400000, 5.53259632, -2.90000000, 2.90000000
0.27450000, 5.53191128, -2.89750000, 2.89750000
0.27500000, 5.53191128, -2.89750000, 2.89750000
0.27550000, 5.53191128, -2.89750000, 2.89750000
0.27600000, 5.53122143, -2.89500000, 2.89500000
0.27650000, 5.53122143, -2.89500000, 2.89500000
0.27700000, 5.53122143, -2.89500000, 2.89500000
0.27750000, 5.53122143, -2.89500000, 2.89500000
0.27800000, 5.53052698, -2.89250000, 2.89250000
0.27850000, 5.53052698, -2.89250000, 2.89250000
0.27900000, 5.53052698, -2.89250000, 2.89250000
0.27950000, 5.53052698, -2.89250000, 2.89250000
0.28000000, 5.52982811, -2.89000000, 2.89000000
0.28050000, 5.52982811, -2.89000000, 2.89000000
0.28100000, 5.52982811, -2.89000000, 2.89000000
0.28150000, 5.52912501, -2.88750000, 2.88750000
0.28200000, 5.52912501, -2.88750000, 2.88750000
0.28250000, 5.52912501, -2.88750000, 2.88750000
0.28300000, 5.52841786, -2.88500000, 2.88500000
0.28350000, 5.52841786, -2.88500000, 2.88500000
0.28400000, 5.52841786, -2.88500000, 2.88500000
0.28450000, 5.52770684, -2.88250000, 2.88250000
0.28500000, 5.52770684, -2.88250000, 2.88250000
0.28550000, 5.52770684, -2.88250000, 2.88250000
0.28600000, 5.52699212, -2.88000000, 2.88000000
0.28650000, 5.52699212, -2.88000000, 2.88000000
0.28700000, 5.52699212, -2.88000000, 2.88000000
0.28750000, 5.52627386, -2.87750000, 2.87750000
0.28800000, 5.52627386, -2.87750000, 2.87750000
0.28850000, 5.52627386, -2.87750000, 2.87750000
0.28900000, 5.52555221, -2.87500000, 2.87500000
0.28950000, 5.52555221, -2.87500000, 2.87500000
0.29000000, 5.52482733, -2.87250000, 2.87250000
0.29050000, 5.52482733, -2.87250000, 2.87250000
0.29100000, 5.52482733, -2.87250000, 2.87250000
0.29150000, 5.52409936, -2.87000000, 2.87000000
0.29200000, 5.52409936, -2.87000000, 2.87000000
0.29250000, 5.52336842, -2.86750000, 2.86750000
0.29300000, 5.52336842, -2.86750000, 2.86750000
0.29350000, 5.52336842, -2.86750000, 2.86750000
0.29400000, 5.52263465, -2.86500000, 2.86500000
0.29450000, 5.52263465, -2.86500000, 2.86500000
0.29500000, 5.52189815, -2.86250000, 2.86250000
0.29550000, 5.52189815, -2.86250000, 2.86250000
0.29600000, 5.52115905, -2.86000000, 2.86000000
0.29650000, 5.52115905, -2.86000000, 2.86000000
0.29700000, 5.52041743, -2.85750000, 2.85750000
0.29750000, 5.52041743, -2.85750000, 2.85750000
0.29800000, 5.51967341, -2.85500000, 2.85500000
0.29850000, 5.51967341, -2.85500000, 2.85500000
0.29900000, 5.51892706, -2.85250000, 2.85250000
0.29950000, 5.51817847, -2.85000000, 2.85000000
0.30000000, 5.51817847, -2.85000000, 2.85000000
0.30050000, 5.51742772, -2.84750000, 2.84750000
0.30100000, 5.51742772, -2.84750000, 2.84750000
0.30150000, 5.51667488, -2.84500000, 2.84500000
0.30200000, 5.51592001, -2.84250000, 2.84250000
0.30250000, 5.51592001, -2.84250000, 2.84250000
0.30300000, 5.51516317, -2.84000000, 2.84000000
0.30350000, 5.51440443, -2.83750000, 2.83750000
0.30400000, 5.51440443, -2.83750000, 2.83750000
0.30450000, 5.51364382, -2.83500000, 2.83500000
0.30500000, 5.51288141, -2.83250000, 2.83250000
0.30550000, 5.51288141, -2.83250000, 2.83250000
0.30600000, 5.51211723, -2.83000000, 2.83000000
0.30650000, 5.51135132, -2.82750000, 2.82750000
0.30700000, 5.51135132, -2.82750000, 2.82750000
0.30750000, 5.51058372, -2.82500000, 2.82500000
0.30800000, 5.50981446, -2.82250000, 2.82250000
0.30850000, 5.50904357, -2.82000000, 2.82000000
0.30900000, 5.50827109, -2.81750000, 2.81750000
0.30950000, 5.50827109, -2.81750000, 2.81750000
0.31000000, 5.50749702, -2.81500000, 2.81500000
0.31050000, 5.50672141, -2.81250000, 2.81250000
0.31100000, 5.50594426, -2.81000000, 2.81000000
0.31150000, 5.50516560, -2.80750000, 2.80750000
0.31200000, 5.50516560, -2.80750000, 2.80750000
0.31250000, 5.50438544, -2.80500000, 2.80500000
0.31300000, 5.50360380, -2.80250000, 2.80250000
0.31350000, 5.50282070, -2.80000000, 2.80000000
0.31400000, 5.50203614, -2.79750000, 2.79750000
0.31450000, 5.50125014, -2.79500000, 2.79500000
0.31500000, 5.50046270, -2.79250000, 2.79250000
0.31550000, 5.50046270, -2.79250000, 2.79250000
0.31600000, 5.49967384, -2.79000000, 2.79000000
0.31650000, 5.49888357, -2.78750000, 2.78750000
0.31700000, 5.49809189, -2.78500000, 2.78500000
0.31750000, 5.49729881, -2.78250000, 2.78250000
0.31800000, 5.49650433, -2.78000000, 2.78000000
0.31850000, 5.49570847, -2.77750000, 2.77750000
0.31900000, 5.49491121, -2.77500000, 2.77500000
0.31950000, 5.49411258, -2.77250000, 2.77250000
0.32000000, 5.49411258, -2.77250000, 2.77250000
0.32050000, 5.49331257, -2.77000000, 2.77000000
0.32100000, 5.49251118, -2.76750000, 2.76750000
0.32150000, 5.49170841, -2.76500000, 2.76500000
0.32200000, 5.49090428, -2.76250000, 2.76250000
0.32250000, 5.49009878, -2.76000000, 2.76000000
0.32300000, 5.48929191, -2.75750000, 2.75750000
0.32350000, 5.48848367, -2.75500000, 2.75500000
0.32400000, 5.48767407, -2.75250000, 2.75250000
0.32450000, 5.48686310, -2.75000000, 2.75000000
0.32500000, 5.48605077, -2.74750000, 2.74750000
0.32550000, 5.48523707, -2.74500000, 2.74500000
0.32600000, 5.48523707, -2.74500000, 2.74500000
0.32650000, 5.48442200, -2.74250000, 2.74250000
0.32700000, 5.48360556, -2.74000000, 2.74000000
0.32750000, 5.48278776, -2.73750000, 2.73750000
0.32800000, 5.48196859, -2.73500000, 2.73500000
0.32850000, 5.48114805, -2.73250000, 2.73250000
0.32900000, 5.48032613, -2.73000000, 2.73000000
0.32950000, 5.47950285, -2.72750000, 2.72750000
0.33000000, 5.47867818, -2.72500000, 2.72500000
0.33050000, 5.47785214, -2.72250000, 2.72250000
0.33100000, 5.47702471, -2.72000000, 2.72000000
0.33150000, 5.47702471, -2.72000000, 2.72000000
0.33200000, 5.47619590, -2.71750000, 2.71750000
0.33250000, 5.47536571, -2.71500000, 2.71500000
0.33300000, 5.47453412, -2.71250000, 2.71250000
0.33350000, 5.47370115, -2.71000000, 2.71000000
0.33400000, 5.47286677, -2.70750000, 2.70750000
0.33450000, 5.47203099, -2.70500000, 2.70500000
0.33500000, 5.47119381, -2.70250000, 2.70250000
0.33550000, 5.47035522, -2.70000000, 2.70000000
0.33600000, 5.47035522, -2.70000000, 2.70000000
0.33650000, 5.46951522, -2.69750000, 2.69750000
0.33700000, 5.46867379, -2.69500000, 2.69500000
0.33750000, 5.46783095, -2.69250000, 2.69250000
0.33800000, 5.46698667, -2.69000000, 2.69000000
0.33850000, 5.46614097, -2.68750000, 2.68750000
0.33900000, 5.46529382, -2.68500000, 2.68500000
0.33950000, 5.46444523, -2.68250000, 2.68250000
0.34000000, 5.46444523, -2.68250000, 2.68250000
0.34050000, 5.46359518, -2.68000000, 2.68000000
0.34100000, 5.46274369, -2.67750000, 2.67750000
0.34150000, 5.46189073, -2.67500000, 2.67500000
0.34200000, 5.46103630, -2.67250000, 2.67250000
0.34250000, 5.46018039, -2.67000000, 2.67000000
0.34300000, 5.45932300, -2.66750000, 2.66750000
0.34350000, 5.45932300, -2.66750000, 2.66750000
0.34400000, 5.45846412, -2.66500000, 2.66500000
0.34450000, 5.45760375, -2.66250000, 2.66250000
0.34500000, 5.45674187, -2.66000000, 2.66000000
0.34550000, 5.45587848, -2.65750000, 2.65750000
0.34600000, 5.45501358, -2.65500000, 2.65500000
0.34650000, 5.45501358, -2.65500000, 2.65500000
0.34700000, 5.45414715, -2.65250000, 2.65250000
0.34750000, 5.45327918, -2.65000000, 2.65000000
0.34800000, 5.45240968, -2.64750000, 2.64750000
0.34850000, 5.45153862, -2.64500000, 2.64500000
0.34900000, 5.45153862, -2.64500000, 2.64500000
0.34950000, 5.45066601, -2.64250000, 2.64250000
0.35000000, 5.44979183, -2.64000000, 2.64000000
0.35050000, 5.44891609, -2.63750000, 2.63750000
0.35100000, 5.44803876, -2.63500000, 2.63500000
0.35150000, 5.44803876, -2.63500000, 2.63500000
0.35200000, 5.44715984, -2.63250000, 2.63250000
0.35250000, 5.44627932, -2.63000000, 2.63000000
0.35300000, 5.44539720, -2.62750000, 2.62750000
0.35350000, 5.44451347, -2.62500000, 2.62500000
0.35400000, 5.44451347, -2.62500000, 2.62500000
0.35450000, 5.44362811, -2.62250000, 2.62250000
0.35500000, 5.44274113, -2.62000000, 2.62000000
0.35550000, 5.44185251, -2.61750000, 2.61750000
0.35600000, 5.44185251, -2.61750000, 2.61750000
0.35650000, 5.44096224, -2.61500000, 2.61500000
0.35700000, 5.44007032, -2.61250000, 2.61250000
0.35750000, 5.43917673, -2.61000000, 2.61000000
0.35800000, 5.43917673, -2.61000000, 2.61000000
0.35850000, 5.43828148, -2.60750000, 2.60750000
0.35900000, 5.43738455, -2.60500000, 2.60500000
0.35950000, 5.43648594, -2.60250000, 2.60250000
0.36000000, 5.43648594, -2.60250000, 2.60250000
0.36050000, 5.43558563, -2.60000000, 2.60000000
0.36100000, 5.43468362, -2.59750000, 2.59750000
0.36150000, 5.43377991, -2.59500000, 2.59500000
0.36200000, 5.43377991, -2.59500000, 2.59500000
0.36250000, 5.43287448, -2.59250000, 2.59250000
0.36300000, 5.43196733, -2.59000000, 2.59000000
0.36350000, 5.43196733, -2.59000000, 2.59000000
0.36400000, 5.43105845, -2.58750000, 2.58750000
0.36450000, 5.43014783, -2.58500000, 2.58500000
0.36500000, 5.42923548, -2.58250000, 2.58250000
0.36550000, 5.42923548, -2.58250000, 2.58250000
0.36600000, 5.42832137, -2.58000000, 2.58000000
0.36650000, 5.42740551, -2.57750000, 2.57750000
0.36700000, 5.42740551, -2.57750000, 2.57750000
0.36750000, 5.42648789, -2.57500000, 2.57500000
0.36800000, 5.42556851, -2.57250000, 2.57250000
0.36850000, 5.42464735, -2.57000000, 2.57000000
0.36900000, 5.42464735, -2.57000000, 2.57000000
0.36950000, 5.42372441, -2.56750000, 2.56750000
0.37000000, 5.42279969, -2.56500000, 2.56500000
0.37050000, 5.42279969, -2.56500000, 2.56500000
0.37100000, 5.42187319, -2.56250000, 2.56250000
0.37150000, 5.42094489, -2.56000000, 2.56000000
0.37200000, 5.42094489, -2.56000000, 2.56000000
0.37250000, 5.42001479, -2.55750000, 2.55750000
0.37300000, 5.41908289, -2.55500000, 2.55500000
0.37350000, 5.41814919, -2.55250000, 2.55250000
0.37400000, 5.41814919, -2.55250000, 2.55250000
0.37450000, 5.41721368, -2.55000000, 2.55000000
0.37500000, 5.41627635, -2.54750000, 2.54750000
0.37550000, 5.41627635, -2.54750000, 2.54750000
0.37600000, 5.41533721, -2.54500000, 2.54500000
0.37650000, 5.41439625, -2.54250000, 2.54250000
0.37700000, 5.41439625, -2.54250000, 2.54250000
0.37750000, 5.41345347, -2.54000000, 2.54000000
0.37800000, 5.41250886, -2.53750000, 2.53750000
0.37850000, 5.41250886, -2.53750000, 2.53750000
0.37900000, 5.41156243, -2.53500000, 2.53500000
0.37950000, 5.41061416, -2.53250000, 2.53250000
0.38000000, 5.41061416, -2.53250000, 2.53250000
0.38050000, 5.40966407, -2.53000000, 2.53000000
0.38100000, 5.40871214, -2.52750000, 2.52750000
0.38150000, 5.40871214, -2.52750000, 2.52750000
0.38200000, 5.40775838, -2.52500000, 2.52500000
0.38250000, 5.40680279, -2.52250000, 2.52250000
0.38300000, 5.40584536, -2.52000000, 2.52000000
0.38350000, 5.40584536, -2.52000000, 2.52000000
0.38400000, 5.40488609, -2.51750000, 2.51750000
0.38450000, 5.40392499, -2.51500000, 2.51500000
0.38500000, 5.40392499, -2.51500000, 2.51500000
0.38550000, 5.40296205, -2.51250000, 2.51250000
0.38600000, 5.40199728, -2.51000000, 2.51000000
0.38650000, 5.40199728, -2.51000000, 2.51000000
0.38700000, 5.40103067, -2.50750000, 2.50750000
0.38750000, 5.40006222, -2.50500000, 2.50500000
0.38800000, 5.40006222, -2.50500000, 2.50500000
0.38850000, 5.39909194, -2.50250000, 2.50250000
0.38900000, 5.39811983, -2.50000000, 2.50000000
0.38950000, 5.39811983, -2.50000000, 2.50000000
0.39000000, 5.39714589, -2.49750000, 2.49750000
0.39050000, 5.39617012, -2.49500000, 2.49500000
0.39100000, 5.39617012, -2.49500000, 2.49500000
0.39150000, 5.39519253, -2.49250000, 2.49250000
0.39200000, 5.39421311, -2.49000000, 2.49000000
0.39250000, 5.39323187, -2.48750000, 2.48750000
0.39300000, 5.39323187, -2.48750000, 2.48750000
0.39350000, 5.39224880, -2.48500000, 2.48500000
0.39400000, 5.39126393, -2.48250000, 2.48250000
0.39450000, 5.39126393, -2.48250000, 2.48250000
0.39500000, 5.39027723, -2.48000000, 2.48000000
0.39550000, 5.38928873, -2.47750000, 2.47750000
0.39600000, 5.38928873, -2.47750000, 2.47750000
0.39650000, 5.38829843, -2.47500000, 2.47500000
0.39700000, 5.38730632, -2.47250000, 2.47250000
0.39750000, 5.38730632, -2.47250000, 2.47250000
0.39800000, 5.38631241, -2.47000000, 2.47000000
0.39850000, 5.38531671, -2.46750000, 2.46750000
0.39900000, 5.38431923, -2.46500000, 2.46500000
0.39950000, 5.38431923, -2.46500000, 2.46500000
0.40000000, 5.38331995, -2.46250000, 2.46250000
0.40050000, 5.38231890, -2.46000000, 2.46000000
0.40100000, 5.38231890, -2.46000000, 2.46000000
0.40150000, 5.38131607, -2.45750000, 2.45750000
0.40200000, 5.38031148, -2.45500000, 2.45500000
0.40250000, 5.38031148, -2.45500000, 2.45500000
0.40300000, 5.37930512, -2.45250000, 2.45250000
0.40350000, 5.37829700, -2.45000000, 2.45000000
0.40400000, 5.37728713, -2.44750000, 2.44750000
0.40450000, 5.37728713, -2.44750000, 2.44750000
0.40500000, 5.37627552, -2.44500000, 2.44500000
0.40550000, 5.37526217, -2.44250000, 2.44250000
0.40600000, 5.37526217, -2.44250000, 2.44250000
0.40650000, 5.37424708, -2.44000000, 2.44000000
0.40700000, 5.37323026, -2.43750000, 2.43750000
0.40750000, 5.37221173, -2.43500000, 2.43500000
0.40800000, 5.37221173, -2.43500000, 2.43500000
0.40850000, 5.37119149, -2.43250000, 2.43250000
0.40900000, 5.37016953, -2.43000000, 2.43000000
0.40950000, 5.36914588, -2.42750000, 2.42750000
0.41000000, 5.36914588, -2.42750000, 2.42750000
0.41050000, 5.36812054, -2.42500000, 2.42500000
0.41100000, 5.36709352, -2.42250000, 2.42250000
0.41150000, 5.36606482, -2.42000000, 2.42000000
0.41200000, 5.36606482, -2.42000000, 2.42000000
0.41250000, 5.36503445, -2.41750000, 2.41750000
0.41300000, 5.36400243, -2.41500000, 2.41500000
0.41350000, 5.36296875, -2.41250000, 2.41250000
0.41400000, 5.36296875, -2.41250000, 2.41250000
0.41450000, 5.36193343, -2.41000000, 2.41000000
0.41500000, 5.36089647, -2.40750000, 2.40750000
0.41550000, 5.35985789, -2.40500000, 2.40500000
0.41600000, 5.35985789, -2.40500000, 2.40500000
0.41650000, 5.35881770, -2.40250000, 2.40250000
0.41700000, 5.35777589, -2.40000000, 2.40000000
0.41750000, 5.35673249, -2.39750000, 2.39750000
0.41800000, 5.35568750, -2.39500000, 2.39500000
0.41850000, 5.35568750, -2.39500000, 2.39500000
0.41900000, 5.35464093, -2.39250000, 2.39250000
0.41950000, 5.35359279, -2.39000000, 2.39000000
0.42000000, 5.35254309, -2.38750000, 2.38750000
0.42050000, 5.35149184, -2.38500000, 2.38500000
0.42100000, 5.35149184, -2.38500000, 2.38500000
0.42150000, 5.35043905, -2.38250000, 2.38250000
0.42200000, 5.34938474, -2.38000000, 2.38000000
0.42250000, 5.34832890, -2.37750000, 2.37750000
0.42300000, 5.34727156, -2.37500000, 2.37500000
0.42350000, 5.34727156, -2.37500000, 2.37500000
0.42400000, 5.34621272, -2.37250000, 2.37250000
0.42450000, 5.34515240, -2.37000000, 2.37000000
0.42500000, 5.34409060, -2.36750000, 2.36750000
0.42550000, 5.34302734, -2.36500000, 2.36500000
0.42600000, 5.34196263, -2.36250000, 2.36250000
0.42650000, 5.34089648, -2.36000000, 2.36000000
0.42700000, 5.34089648, -2.36000000, 2.36000000
0.42750000, 5.33982890, -2.35750000, 2.35750000
0.42800000, 5.33875990, -2.35500000, 2.35500000
0.42850000, 5.33768950, -2.35250000, 2.35250000
0.42900000, 5.33661772, -2.35000000, 2.35000000
0.42950000, 5.33554455, -2.34750000, 2.34750000
0.43000000, 5.33447002, -2.34500000, 2.34500000
0.43050000, 5.33339413, -2.34250000, 2.34250000
0.43100000, 5.33231691, -2.34000000, 2.34000000
0.43150000, 5.33123835, -2.33750000, 2.33750000
0.43200000, 5.33015849, -2.33500000, 2.33500000
0.43250000, 5.32907733, -2.33250000, 2.33250000
0.43300000, 5.32799487, -2.33000000, 2.33000000
0.43350000, 5.32691115, -2.32750000, 2.32750000
0.43400000, 5.32582617, -2.32500000, 2.32500000
0.43450000, 5.32473994, -2.32250000, 2.32250000
0.43500000, 5.32365249, -2.32000000, 2.32000000
0.43550000, 5.32256381, -2.31750000, 2.31750000
0.43600000, 5.32147393, -2.31500000, 2.31500000
0.43650000, 5.32038287, -2.31250000, 2.31250000
0.43700000, 5.31929063, -2.31000000, 2.31000000
0.43750000, 5.31819723, -2.30750000, 2.30750000
0.43800000, 5.31710269, -2.30500000, 2.30500000
0.43850000, 5.31600702, -2.30250000, 2.30250000
0.43900000, 5.31491023, -2.30000000, 2.30000000
0.43950000, 5.31381234, -2.29750000, 2.29750000
0.44000000, 5.31271336, -2.29500000, 2.29500000
0.44050000, 5.31051221, -2.29000000, 2.29000000
0.44100000, 5.30941007, -2.28750000, 2.28750000
0.44150000, 5.30830689, -2.28500000, 2.28500000
0.44200000, 5.30720271, -2.28250000, 2.28250000
0.44250000, 5.30499135, -2.27750000, 2.27750000
0.44300000, 5.30388422, -2.27500000, 2.27500000
0.44350000, 5.30277612, -2.27250000, 2.27250000
0.44400000, 5.30055713, -2.26750000, 2.26750000
0.44450000, 5.29944626, -2.26500000, 2.26500000
0.44500000, 5.29833450, -2.26250000, 2.26250000
0.44550000, 5.29610833, -2.25750000, 2.25750000
0.44600000, 5.29499395, -2.25500000, 2.25500000
0.44650000, 5.29276269, -2.25000000, 2.25000000
0.44700000, 5.29164583, -2.24750000, 2.24750000
0.44750000, 5.28940972, -2.24250000, 2.24250000
0.44800000, 5.28717051, -2.23750000, 2.23750000
0.44850000, 5.28604977, -2.23500000, 2.23500000
0.44900000, 5.28380610, -2.23000000, 2.23000000
0.44950000, 5.28155957, -2.22500000, 2.22500000
0.45000000, 5.27931027, -2.22000000, 2.22000000
0.45050000, 5.27818462, -2.21750000, 2.21750000
0.45100000, 5.27593135, -2.21250000, 2.21250000
0.45150000, 5.27367555, -2.20750000, 2.20750000
0.45200000, 5.27141727, -2.20250000, 2.20250000
0.45250000, 5.26802542, -2.19500000, 2.19500000
0.45300000, 5.26576131, -2.19000000, 2.19000000
0.45350000, 5.26349500, -2.18500000, 2.18500000
0.45400000, 5.26122653, -2.18000000, 2.18000000
0.45450000, 5.25781993, -2.17250000, 2.17250000
0.45500000, 5.25554633, -2.16750000, 2.16750000
0.45550000, 5.25213226, -2.16000000, 2.16000000
0.45600000, 5.24871390, -2.15250000, 2.15250000
0.45650000, 5.24643266, -2.14750000, 2.14750000
0.45700000, 5.24300741, -2.14000000, 2.14000000
0.45750000, 5.23957812, -2.13250000, 2.13250000
0.45800000, 5.23614487, -2.12500000, 2.12500000
0.45850000, 5.23270768, -2.11750000, 2.11750000
0.45900000, 5.22926658, -2.11000000, 2.11000000
0.45950000, 5.22697034, -2.10500000, 2.10500000
0.46000000, 5.22352269, -2.09750000, 2.09750000
0.46050000, 5.22007106, -2.09000000, 2.09000000
0.46100000, 5.21661539, -2.08250000, 2.08250000
0.46150000, 5.21315561, -2.07500000, 2.07500000
0.46200000, 5.21084675, -2.07000000, 2.07000000
0.46250000, 5.20737989, -2.06250000, 2.06250000
0.46300000, 5.20506620, -2.05750000, 2.05750000
0.46350000, 5.20159190, -2.05000000, 2.05000000
0.46400000, 5.19927313, -2.04500000, 2.04500000
0.46450000, 5.19695224, -2.04000000, 2.04000000
0.46500000, 5.19346683, -2.03250000, 2.03250000
0.46550000, 5.19114044, -2.02750000, 2.02750000
0.46600000, 5.18881174, -2.02250000, 2.02250000
0.46650000, 5.18648069, -2.01750000, 2.01750000
0.46700000, 5.18414724, -2.01250000, 2.01250000
0.46750000, 5.18181131, -2.00750000, 2.00750000
0.46800000, 5.17947286, -2.00250000, 2.00250000
0.46850000, 5.17713183, -1.99750000, 1.99750000
0.46900000, 5.17478816, -1.99250000, 1.99250000
0.46950000, 5.17244179, -1.98750000, 1.98750000
0.47000000, 5.17009266, -1.98250000, 1.98250000
0.47050000, 5.16891705, -1.98000000, 1.98000000
0.47100000, 5.16656369, -1.97500000, 1.97500000
0.47150000, 5.16420745, -1.97000000, 1.97000000
0.47200000, 5.16184827, -1.96500000, 1.96500000
0.47250000, 5.16066756, -1.96250000, 1.96250000
0.47300000, 5.15830389, -1.95750000, 1.95750000
0.47350000, 5.15593717, -1.95250000, 1.95250000
0.47400000, 5.15475265, -1.95000000, 1.95000000
0.47450000, 5.15238129, -1.94500000, 1.94500000
0.47500000, 5.15119443, -1.94250000, 1.94250000
0.47550000, 5.14881836, -1.93750000, 1.93750000
0.47600000, 5.14762913, -1.93500000, 1.93500000
0.47650000, 5.14524829, -1.93000000, 1.93000000
0.47700000, 5.14286424, -1.92500000, 1.92500000
0.47750000, 5.14167101, -1.92250000, 1.92250000
0.47800000, 5.13928213, -1.91750000, 1.91750000
0.47850000, 5.13808648, -1.91500000, 1.91500000
0.47900000, 5.13569277, -1.91000000, 1.91000000
0.47950000, 5.13449470, -1.90750000, 1.90750000
0.48000000, 5.13209615, -1.90250000, 1.90250000
0.48050000, 5.13089567, -1.90000000, 1.90000000
0.48100000, 5.12849232, -1.89500000, 1.89500000
0.48150000, 5.12608578, -1.89000000, 1.89000000
0.48200000, 5.12488133, -1.88750000, 1.88750000
0.48250000, 5.12247007, -1.88250000, 1.88250000
0.48300000, 5.12126327, -1.88000000, 1.88000000
0.48350000, 5.11884736, -1.87500000, 1.87500000
0.48400000, 5.11642840, -1.87000000, 1.87000000
0.48450000, 5.11521779, -1.86750000, 1.86750000
0.48500000, 5.11279433, -1.86250000, 1.86250000
0.48550000, 5.11036794, -1.85750000, 1.85750000
0.48600000, 5.10793868, -1.85250000, 1.85250000
0.48650000, 5.10672298, -1.85000000, 1.85000000
0.48700000, 5.10428951, -1.84500000, 1.84500000
0.48750000, 5.10185330, -1.84000000, 1.84000000
0.48800000, 5.09941444, -1.83500000, 1.83500000
0.48850000, 5.09697297, -1.83000000, 1.83000000
0.48900000, 5.09452899, -1.82500000, 1.82500000
0.48950000, 5.09208254, -1.82000000, 1.82000000
0.49000000, 5.08963372, -1.81500000, 1.81500000
0.49050000, 5.08718258, -1.81000000, 1.81000000
0.49100000, 5.08350171, -1.80250000, 1.80250000
0.49150000, 5.08104513, -1.79750000, 1.79750000
0.49200000, 5.07858649, -1.79250000, 1.79250000
0.49250000, 5.07489486, -1.78500000, 1.78500000
0.49300000, 5.07119903, -1.77750000, 1.77750000
0.49350000, 5.06749925, -1.77000000, 1.77000000
0.49400000, 5.06379575, -1.76250000, 1.76250000
0.49450000, 5.06008876, -1.75500000, 1.75500000
0.49500000, 5.05514107, -1.74500000, 1.74500000
0.49550000, 5.05018807, -1.73500000, 1.73500000
0.49600000, 5.04523025, -1.72500000, 1.72500000
0.49650000, 5.03902686, -1.71250000, 1.71250000
0.49700000, 5.03281741, -1.70000000, 1.70000000
0.49750000, 5.02411538, -1.68250000, 1.68250000
0.49800000, 5.01540462, -1.66500000, 1.66500000
0.49850000, 5.00294845, -1.64000000, 1.64000000
0.49900000, 4.98549150, -1.60500000, 1.60500000
0.49950000, 4.95927919, -1.55250000, 1.55250000
0.50000000, 4.90805179, -1.45000000, 1.45000000
0.50050000, 4.85677887, -1.34750000, 1.34750000
0.50100000, 4.83049076, -1.29500000, 1.29500000
0.50150000, 4.81420092, -1.26250000, 1.26250000
0.50200000, 4.80165772, -1.23750000, 1.23750000
0.50250000, 4.79161270, -1.21750000, 1.21750000
0.50300000, 4.78407131, -1.20250000, 1.20250000
0.50350000, 4.77778069, -1.19000000, 1.19000000
0.50400000, 4.77400289, -1.18250000, 1.18250000
0.50450000, 4.77022133, -1.17500000, 1.17500000
0.50500000, 4.76895958, -1.17250000, 1.17250000
0.50550000, 4.76769694, -1.17000000, 1.17000000
0.50600000, 4.76643316, -1.16750000, 1.16750000
0.50650000, 4.76516787, -1.16500000, 1.16500000
0.50700000, 4.76390054, -1.16250000, 1.16250000
0.50750000, 4.76390054, -1.16250000, 1.16250000
0.50800000, 4.76390054, -1.16250000, 1.16250000
0.50850000, 4.76263044, -1.16000000, 1.16000000
0.50900000, 4.76263044, -1.16000000, 1.16000000
0.50950000, 4.76263044, -1.16000000, 1.16000000
0.51000000, 4.76135652, -1.15750000, 1.15750000
0.51050000, 4.76135652, -1.15750000, 1.15750000
0.51100000, 4.76135652, -1.15750000, 1.15750000
0.51150000, 4.76135652, -1.15750000, 1.15750000
0.51200000, 4.76007730, -1.15500000, 1.15500000
0.51250000, 4.76007730, -1.15500000, 1.15500000
0.51300000, 4.76007730, -1.15500000, 1.15500000
0.51350000, 4.76007730, -1.15500000, 1.15500000
0.51400000, 4.76007730, -1.15500000, 1.15500000
0.51450000, 4.76007730, -1.15500000, 1.15500000
0.51500000, 4.75879071, -1.15250000, 1.15250000
0.51550000, 4.75879071, -1.15250000, 1.15250000
0.51600000, 4.75879071, -1.15250000, 1.15250000
0.51650000, 4.75879071, -1.15250000, 1.15250000
0.51700000, 4.75879071, -1.15250000, 1.15250000
0.51750000, 4.75879071, -1.15250000, 1.15250000
0.51800000, 4.75879071, -1.15250000, 1.15250000
0.51850000, 4.75879071, -1.15250000, 1.15250000
0.51900000, 4.75749384, -1.15000000, 1.15000000
0.51950000, 4.75749384, -1.15000000, 1.15000000
0.52000000, 4.75749384, -1.15000000, 1.15000000
0.52050000, 4.75749384, -1.15000000, 1.15000000
0.52100000, 4.75749384, -1.15000000, 1.15000000
0.52150000, 4.75749384, -1.15000000, 1.15000000
0.52200000, 4.75749384, -1.15000000, 1.15000000
0.52250000, 4.75749384, -1.15000000, 1.15000000
0.52300000, 4.75749384, -1.15000000, 1.15000000
0.52350000, 4.75749384, -1.15000000, 1.15000000
0.52400000, 4.75749384, -1.15000000, 1.15000000
0.52450000, 4.75749384, -1.15000000, 1.15000000
0.52500000, 4.75618271, -1.14750000, 1.14750000
0.52550000, 4.75618271, -1.14750000, 1.14750000
0.52600000, 4.75618271, -1.14750000, 1.14750000
0.52650000, 4.75618271, -1.14750000, 1.14750000
0.52700000, 4.75618271, -1.14750000, 1.14750000
0.52750000, 4.75618271, -1.14750000, 1.14750000
0.52800000, 4.75618271, -1.14750000, 1.14750000
0.52850000, 4.75618271, -1.14750000, 1.14750000
0.52900000, 4.75618271, -1.14750000, 1.14750000
0.52950000, 4.75618271, -1.14750000, 1.14750000
0.53000000, 4.75618271, -1.14750000, 1.14750000
0.53050000, 4.75618271, -1.14750000, 1.14750000
0.53100000, 4.75618271, -1.14750000, 1.14750000
0.53150000, 4.75618271, -1.14750000, 1.14750000
0.53200000, 4.75618271, -1.14750000, 1.14750000
0.53250000, 4.75618271, -1.14750000, 1.14750000
0.53300000, 4.75485189, -1.14500000, 1.14500000
0.53350000, 4.75485189, -1.14500000, 1.14500000
0.53400000, 4.75485189, -1.14500000, 1.14500000
0.53450000, 4.75485189, -1.14500000, 1.14500000
0.53500000, 4.75485189, -1.14500000, 1.14500000
0.53550000, 4.75485189, -1.14500000, 1.14500000
0.53600000, 4.75485189, -1.14500000, 1.14500000
0.53650000, 4.75485189, -1.14500000, 1.14500000
0.53700000, 4.75485189, -1.14500000, 1.14500000
0.53750000, 4.75485189, -1.14500000, 1.14500000
0.53800000, 4.75485189, -1.14500000, 1.14500000
0.53850000, 4.75485189, -1.14500000, 1.14500000
0.53900000, 4.75485189, -1.14500000, 1.14500000
0.53950000, 4.75485189, -1.14500000, 1.14500000
0.54000000, 4.75485189, -1.14500000, 1.14500000
0.54050000, 4.75485189, -1.14500000, 1.14500000
0.54100000, 4.75485189, -1.14500000, 1.14500000
0.54150000, 4.75485189, -1.14500000, 1.14500000
0.54200000, 4.75485189, -1.14500000, 1.14500000
0.54250000, 4.75485189, -1.14500000, 1.14500000
0.54300000, 4.75485189, -1.14500000, 1.14500000
0.54350000, 4.75349412, -1.14250000, 1.14250000
0.54400000, 4.75349412, -1.14250000, 1.14250000
0.54450000, 4.75349412, -1.14250000, 1.14250000
0.54500000, 4.75349412, -1.14250000, 1.14250000
0.54550000, 4.75349412, -1.14250000, 1.14250000
0.54600000, 4.75349412, -1.14250000, 1.14250000
0.54650000, 4.75349412, -1.14250000, 1.14250000
0.54700000, 4.75349412, -1.14250000, 1.14250000
0.54750000, 4.75349412, -1.14250000, 1.14250000
0.54800000, 4.75349412, -1.14250000, 1.14250000
0.54850000, 4.75349412, -1.14250000, 1.14250000
0.54900000, 4.75349412, -1.14250000, 1.14250000
0.54950000, 4.75349412, -1.14250000, 1.14250000
0.55000000, 4.75349412, -1.14250000, 1.14250000
0.55050000, 4.75349412, -1.14250000, 1.14250000
0.55100000, 4.75349412, -1.14250000, 1.14250000
0.55150000, 4.75349412, -1.14250000, 1.14250000
0.55200000, 4.75349412, -1.14250000, 1.14250000
0.55250000, 4.75349412, -1.14250000, 1.14250000
0.55300000, 4.75349412, -1.14250000, 1.14250000
0.55350000, 4.75349412, -1.14250000, 1.14250000
0.55400000, 4.75349412, -1.14250000, 1.14250000
0.55450000, 4.75349412, -1.14250000, 1.14250000
0.55500000, 4.75349412, -1.14250000, 1.14250000
0.55550000, 4.75349412, -1.14250000, 1.14250000
0.55600000, 4.75349412, -1.14250000, 1.14250000
0.55650000, 4.75349412, -1.14250000, 1.14250000
0.55700000, 4.75349412, -1.14250000, 1.14250000
0.55750000, 4.75349412, -1.14250000, 1.14250000
0.55800000, 4.75349412, -1.14250000, 1.14250000
0.55850000, 4.75210002, -1.14000000, 1.14000000
0.55900000, 4.75210002, -1.14000000, 1.14000000
0.55950000, 4.75210002, -1.14000000, 1.14000000
0.56000000, 4.75210002, -1.14000000, 1.14000000
0.56050000, 4.75210002, -1.14000000, 1.14000000
0.56100000, 4.75210002, -1.14000000, 1.14000000
0.56150000, 4.75210002, -1.14000000, 1.14000000
0.56200000, 4.75210002, -1.14000000, 1.14000000
0.56250000, 4.75210002, -1.14000000, 1.14000000
0.56300000, 4.75210002, -1.14000000, 1.14000000
0.56350000, 4.75210002, -1.14000000, 1.14000000
0.56400000, 4.75210002, -1.14000000, 1.14000000
0.56450000, 4.75210002, -1.14000000, 1.14000000
0.56500000, 4.75210002, -1.14000000, 1.14000000
0.56550000, 4.75210002, -1.14000000, 1.14000000
0.56600000, 4.75210002, -1.14000000, 1.14000000
0.56650000, 4.75210002, -1.14000000, 1.14000000
0.56700000, 4.75210002, -1.14000000, 1.14000000
0.56750000, 4.75210002, -1.14000000, 1.14000000
0.56800000, 4.75210002, -1.14000000, 1.14000000
0.56850000, 4.75210002, -1.14000000, 1.14000000
0.56900000, 4.75210002, -1.14000000, 1.14000000
0.56950000, 4.75210002, -1.14000000, 1.14000000
0.57000000, 4.75210002, -1.14000000, 1.14000000
0.57050000, 4.75210002, -1.14000000, 1.14000000
0.57100000, 4.75210002, -1.14000000, 1.14000000
0.57150000, 4.75210002, -1.14000000, 1.14000000
0.57200000, 4.75210002, -1.14000000, 1.14000000
0.57250000, 4.75210002, -1.14000000, 1.14000000
0.57300000, 4.75210002, -1.14000000, 1.14000000
0.57350000, 4.75210002, -1.14000000, 1.14000000
0.57400000, 4.75210002, -1.14000000, 1.14000000
0.57450000, 4.75210002, -1.14000000, 1.14000000
0.57500000, 4.75210002, -1.14000000, 1.14000000
0.57550000, 4.75210002, -1.14000000, 1.14000000
0.57600000, 4.75210002, -1.14000000, 1.14000000
0.57650000, 4.75210002, -1.14000000, 1.14000000
0.57700000, 4.75210002, -1.14000000, 1.14000000
0.57750000, 4.75065793, -1.13750000, 1.13750000
0.57800000, 4.75065793, -1.13750000, 1.13750000
0.57850000, 4.75065793, -1.13750000, 1.13750000
0.57900000, 4.75065793, -1.13750000, 1.13750000
0.57950000, 4.75065793, -1.13750000, 1.13750000
0.58000000, 4.75065793, -1.13750000, 1.13750000
0.58050000, 4.75065793, -1.13750000, 1.13750000
0.58100000, 4.75065793, -1.13750000, 1.13750000
0.58150000, 4.75065793, -1.13750000, 1.13750000
0.58200000, 4.75065793, -1.13750000, 1.13750000
0.58250000, 4.75065793, -1.13750000, 1.13750000
0.58300000, 4.75065793, -1.13750000, 1.13750000
0.58350000, 4.75065793, -1.13750000, 1.13750000
0.58400000, 4.75065793, -1.13750000, 1.13750000
0.58450000, 4.75065793, -1.13750000, 1.13750000
0.58500000, 4.75065793, -1.13750000, 1.13750000
0.58550000, 4.75065793, -1.13750000, 1.13750000
0.58600000, 4.75065793, -1.13750000, 1.13750000
0.58650000, 4.75065793, -1.13750000, 1.13750000
0.58700000, 4.75065793, -1.13750000, 1.13750000
0.58750000, 4.75065793, -1.13750000, 1.13750000
0.58800000, 4.75065793, -1.13750000, 1.13750000
0.58850000, 4.75065793, -1.13750000, 1.13750000
0.58900000, 4.75065793, -1.13750000, 1.13750000
0.58950000, 4.75065793, -1.13750000, 1.13750000
0.59000000, 4.75065793, -1.13750000, 1.13750000
0.59050000, 4.75065793, -1.13750000, 1.13750000
0.59100000, 4.75065793, -1.13750000, 1.13750000
0.59150000, 4.75065793, -1.13750000, 1.13750000
0.59200000, 4.75065793, -1.13750000, 1.13750000
0.59250000, 4.75065793, -1.13750000, 1.13750000
0.59300000, 4.75065793, -1.13750000, 1.13750000
0.59350000, 4.75065793, -1.13750000, 1.13750000
0.59400000, 4.75065793, -1.13750000, 1.13750000
0.59450000, 4.75065793, -1.13750000, 1.13750000
0.59500000, 4.75065793, -1.13750000, 1.13750000
0.59550000, 4.75065793, -1.13750000, 1.13750000
0.59600000, 4.75065793, -1.13750000, 1.13750000
0.59650000, 4.75065793, -1.13750000, 1.13750000
0.59700000, 4.75065793, -1.13750000, 1.13750000
0.59750000, 4.75065793, -1.13750000, 1.13750000
0.59800000, 4.75065793, -1.13750000, 1.13750000
0.59850000, 4.75065793, -1.13750000, 1.13750000
0.59900000, 4.75065793, -1.13750000, 1.13750000
0.59950000, 4.75065793, -1.13750000, 1.13750000
0.60000000, 4.75065793, -1.13750000, 1.13750000
0.60050000, 4.75065793, -1.13750000, 1.13750000
0.60100000, 4.75065793, -1.13750000, 1.13750000
0.60150000, 4.75065793, -1.13750000, 1.13750000
0.60200000, 4.75065793, -1.13750000, 1.13750000
0.60250000, 4.74915415, -1.13500000, 1.13500000
0.60300000, 4.74915415, -1.13500000, 1.13500000
0.60350000, 4.74915415, -1.13500000, 1.13500000
0.60400000, 4.74915415, -1.13500000, 1.13500000
0.60450000, 4.74915415, -1.13500000, 1.13500000
0.60500000, 4.74915415, -1.13500000, 1.13500000
0.60550000, 4.74915415, -1.13500000, 1.13500000
0.60600000, 4.74915415, -1.13500000, 1.13500000
0.60650000, 4.74915415, -1.13500000, 1.13500000
0.60700000, 4.74915415, -1.13500000, 1.13500000
0.60750000, 4.74915415, -1.13500000, 1.13500000
0.60800000, 4.74915415, -1.13500000, 1.13500000
0.60850000, 4.74915415, -1.13500000, 1.13500000
0.60900000, 4.74915415, -1.13500000, 1.13500000
0.60950000, 4.74915415, -1.13500000, 1.13500000
0.61000000, 4.74915415, -1.13500000, 1.13500000
0.61050000, 4.74915415, -1.13500000, 1.13500000
0.61100000, 4.74915415, -1.13500000, 1.13500000
0.61150000, 4.74915415, -1.13500000, 1.13500000
0.61200000, 4.74915415, -1.13500000, 1.13500000
0.61250000, 4.74915415, -1.13500000, 1.13500000
0.61300000, 4.74915415, -1.13500000, 1.13500000
0.61350000, 4.74915415, -1.13500000, 1.13500000
0.61400000, 4.74915415, -1.13500000, 1.13500000
0.61450000, 4.74915415, -1.13500000, 1.13500000
0.61500000, 4.74915415, -1.13500000, 1.13500000
0.61550000, 4.74915415, -1.13500000, 1.13500000
0.61600000, 4.74915415, -1.13500000, 1.13500000
0.61650000, 4.74915415, -1.13500000, 1.13500000
0.61700000, 4.74915415, -1.13500000, 1.13500000
0.61750000, 4.74915415, -1.13500000, 1.13500000
0.61800000, 4.74915415, -1.13500000, 1.13500000
0.61850000, 4.74915415, -1.13500000, 1.13500000
0.61900000, 4.74915415, -1.13500000, 1.13500000
0.61950000, 4.74915415, -1.13500000, 1.13500000
0.62000000, 4.74915415, -1.13500000, 1.13500000
0.62050000, 4.74915415, -1.13500000, 1.13500000
0.62100000, 4.74915415, -1.13500000, 1.13500000
0.62150000, 4.74915415, -1.13500000, 1.13500000
0.62200000, 4.74915415, -1.13500000, 1.13500000
0.62250000, 4.74915415, -1.13500000, 1.13500000
0.62300000, 4.74915415, -1.13500000, 1.13500000
0.62350000, 4.74915415, -1.13500000, 1.13500000
0.62400000, 4.74915415, -1.13500000, 1.13500000
0.62450000, 4.74915415, -1.13500000, 1.13500000
0.62500000, 4.74915415, -1.13500000, 1.13500000
0.62550000, 4.74915415, -1.13500000, 1.13500000
0.62600000, 4.74915415, -1.13500000, 1.13500000
0.62650000, 4.74915415, -1.13500000, 1.13500000
0.62700000, 4.74915415, -1.13500000, 1.13500000
0.62750000, 4.74915415, -1.13500000, 1.13500000
0.62800000, 4.74915415, -1.13500000, 1.13500000
0.62850000, 4.74915415, -1.13500000, 1.13500000
0.62900000, 4.74915415, -1.13500000, 1.13500000
0.62950000, 4.74915415, -1.13500000, 1.13500000
0.63000000, 4.74915415, -1.13500000, 1.13500000
0.63050000, 4.74915415, -1.13500000, 1.13500000
0.63100000, 4.74915415, -1.13500000, 1.13500000
0.63150000, 4.74915415, -1.13500000, 1.13500000
0.63200000, 4.74915415, -1.13500000, 1.13500000
0.63250000, 4.74915415, -1.13500000, 1.13500000
0.63300000, 4.74757382, -1.13250000, 1.13250000
0.63350000, 4.74757382, -1.13250000, 1.13250000
0.63400000, 4.74757382, -1.13250000, 1.13250000
0.63450000, 4.74757382, -1.13250000, 1.13250000
0.63500000, 4.74757382, -1.13250000, 1.13250000
0.63550000, 4.74757382, -1.13250000, 1.13250000
0.63600000, 4.74757382, -1.13250000, 1.13250000
0.63650000, 4.74757382, -1.13250000, 1.13250000
0.63700000, 4.74757382, -1.13250000, 1.13250000
0.63750000, 4.74757382, -1.13250000, 1.13250000
0.63800000, 4.74757382, -1.13250000, 1.13250000
0.63850000, 4.74757382, -1.13250000, 1.13250000
0.63900000, 4.74757382, -1.13250000, 1.13250000
0.63950000, 4.74757382, -1.13250000, 1.13250000
0.64000000, 4.74757382, -1.13250000, 1.13250000
0.64050000, 4.74757382, -1.13250000, 1.13250000
0.64100000, 4.74757382, -1.13250000, 1.13250000
0.64150000, 4.74757382, -1.13250000, 1.13250000
0.64200000, 4.74757382, -1.13250000, 1.13250000
0.64250000, 4.74757382, -1.13250000, 1.13250000
0.64300000, 4.74757382, -1.13250000, 1.13250000
0.64350000, 4.74757382, -1.13250000, 1.13250000
0.64400000, 4.74757382, -1.13250000, 1.13250000
0.64450000, 4.74757382, -1.13250000, 1.13250000
0.64500000, 4.74757382, -1.13250000, 1.13250000
0.64550000, 4.74757382, -1.13250000, 1.13250000
0.64600000, 4.74757382, -1.13250000, 1.13250000
0.64650000, 4.74757382, -1.13250000, 1.13250000
0.64700000, 4.74757382, -1.13250000, 1.13250000
0.64750000, 4.74757382, -1.13250000, 1.13250000
0.64800000, 4.74757382, -1.13250000, 1.13250000
0.64850000, 4.74757382, -1.13250000, 1.13250000
0.64900000, 4.74757382, -1.13250000, 1.13250000
0.64950000, 4.74757382, -1.13250000, 1.13250000
0.65000000, 4.74757382, -1.13250000, 1.13250000
0.65050000, 4.74757382, -1.13250000, 1.13250000
0.65100000, 4.74757382, -1.13250000, 1.13250000
0.65150000, 4.74757382, -1.13250000, 1.13250000
0.65200000, 4.74757382, -1.13250000, 1.13250000
0.65250000, 4.74757382, -1.13250000, 1.13250000
0.65300000, 4.74757382, -1.13250000, 1.13250000
0.65350000, 4.74757382, -1.13250000, 1.13250000
0.65400000, 4.74757382, -1.13250000, 1.13250000
0.65450000, 4.74757382, -1.13250000, 1.13250000
0.65500000, 4.74757382, -1.13250000, 1.13250000
0.65550000, 4.74757382, -1.13250000, 1.13250000
0.65600000, 4.74757382, -1.13250000, 1.13250000
0.65650000, 4.74757382, -1.13250000, 1.13250000
0.65700000, 4.74757382, -1.13250000, 1.13250000
0.65750000, 4.74757382, -1.13250000, 1.13250000
0.65800000, 4.74757382, -1.13250000, 1.13250000
0.65850000, 4.74757382, -1.13250000, 1.13250000
0.65900000, 4.74757382, -1.13250000, 1.13250000
0.65950000, 4.74757382, -1.13250000, 1.13250000
0.66000000, 4.74757382, -1.13250000, 1.13250000
0.66050000, 4.74757382, -1.13250000, 1.13250000
0.66100000, 4.74757382, -1.13250000, 1.13250000
0.66150000, 4.74757382, -1.13250000, 1.13250000
0.66200000, 4.74757382, -1.13250000, 1.13250000
0.66250000, 4.74757382, -1.13250000, 1.13250000
0.66300000, 4.74757382, -1.13250000, 1.13250000
0.66350000, 4.74757382, -1.13250000, 1.13250000
0.66400000, 4.74757382, -1.13250000, 1.13250000
0.66450000, 4.74757382, -1.13250000, 1.13250000
0.66500000, 4.74757382, -1.13250000, 1.13250000
0.66550000, 4.74757382, -1.13250000, 1.13250000
0.66600000, 4.74757382, -1.13250000, 1.13250000
0.66650000, 4.74757382, -1.13250000, 1.13250000
0.66700000, 4.74757382, -1.13250000, 1.13250000
0.66750000, 4.74757382, -1.13250000, 1.13250000
0.66800000, 4.74757382, -1.13250000, 1.13250000
0.66850000, 4.74757382, -1.13250000, 1.13250000
0.66900000, 4.74590258, -1.13000000, 1.13000000
0.66950000, 4.74590258, -1.13000000, 1.13000000
0.67000000, 4.74590258, -1.13000000, 1.13000000
0.67050000, 4.74590258, -1.13000000, 1.13000000
0.67100000, 4.74590258, -1.13000000, 1.13000000
0.67150000, 4.74590258, -1.13000000, 1.13000000
0.67200000, 4.74590258, -1.13000000, 1.13000000
0.67250000, 4.74590258, -1.13000000, 1.13000000
0.67300000, 4.74590258, -1.13000000, 1.13000000
0.67350000, 4.74590258, -1.13000000, 1.13000000
0.67400000, 4.74590258, -1.13000000, 1.13000000
0.67450000, 4.74590258, -1.13000000, 1.13000000
0.67500000, 4.74590258, -1.13000000, 1.13000000
0.67550000, 4.74590258, -1.13000000, 1.13000000
0.67600000, 4.74590258, -1.13000000, 1.13000000
0.67650000, 4.74590258, -1.13000000, 1.13000000
0.67700000, 4.74590258, -1.13000000, 1.13000000
0.67750000, 4.74590258, -1.13000000, 1.13000000
0.67800000, 4.74590258, -1.13000000, 1.13000000
0.67850000, 4.74590258, -1.13000000, 1.13000000
0.67900000, 4.74590258, -1.13000000, 1.13000000
0.67950000, 4.74590258, -1.13000000, 1.13000000
0.68000000, 4.74590258, -1.13000000, 1.13000000
0.68050000, 4.74590258, -1.13000000, 1.13000000
0.68100000, 4.74590258, -1.13000000, 1.13000000
0.68150000, 4.74590258, -1.13000000, 1.13000000
0.68200000, 4.74590258, -1.13000000, 1.13000000
0.68250000, 4.74590258, -1.13000000, 1.13000000
0.68300000, 4.74590258, -1.13000000, 1.13000000
0.68350000, 4.74590258, -1.13000000, 1.13000000
0.68400000, 4.74590258, -1.13000000, 1.13000000
0.68450000, 4.74590258, -1.13000000, 1.13000000
0.68500000, 4.74590258, -1.13000000, 1.13000000
0.68550000, 4.74590258, -1.13000000, 1.13000000
0.68600000, 4.74590258, -1.13000000, 1.13000000
0.68650000, 4.74590258, -1.13000000, 1.13000000
0.68700000, 4.74590258, -1.13000000, 1.13000000
0.68750000, 4.74590258, -1.13000000, 1.13000000
0.68800000, 4.74590258, -1.13000000, 1.13000000
0.68850000, 4.74590258, -1.13000000, 1.13000000
0.68900000, 4.74590258, -1.13000000, 1.13000000
0.68950000, 4.74590258, -1.13000000, 1.13000000
0.69000000, 4.74590258, -1.13000000, 1.13000000
0.69050000, 4.74590258, -1.13000000, 1.13000000
0.69100000, 4.74590258, -1.13000000, 1.13000000
0.69150000, 4.74590258, -1.13000000, 1.13000000
0.69200000, 4.74590258, -1.13000000, 1.13000000
0.69250000, 4.74590258, -1.13000000, 1.13000000
0.69300000, 4.74590258, -1.13000000, 1.13000000
0.69350000, 4.74590258, -1.13000000, 1.13000000
0.69400000, 4.74590258, -1.13000000, 1.13000000
0.69450000, 4.74590258, -1.13000000, 1.13000000
0.69500000, 4.74590258, -1.13000000, 1.13000000
0.69550000, 4.74590258, -1.13000000, 1.13000000
0.69600000, 4.74590258, -1.13000000, 1.13000000
0.69650000, 4.74590258, -1.13000000, 1.13000000
0.69700000, 4.74590258, -1.13000000, 1.13000000
0.69750000, 4.74590258, -1.13000000, 1.13000000
0.69800000, 4.74590258, -1.13000000, 1.13000000
0.69850000, 4.74590258, -1.13000000, 1.13000000
0.69900000, 4.74590258, -1.13000000, 1.13000000
0.69950000, 4.74590258, -1.13000000, 1.13000000
0.70000000, 4.74590258, -1.13000000, 1.13000000
0.70050000, 4.74590258, -1.13000000, 1.13000000
0.70100000, 4.74590258, -1.13000000, 1.13000000
0.70150000, 4.74590258, -1.13000000, 1.13000000
0.70200000, 4.74590258, -1.13000000, 1.13000000
0.70250000, 4.74590258, -1.13000000, 1.13000000
0.70300000, 4.74590258, -1.13000000, 1.13000000
0.70350000, 4.74590258, -1.13000000, 1.13000000
0.70400000, 4.74590258, -1.13000000, 1.13000000
0.70450000, 4.74590258, -1.13000000, 1.13000000
0.70500000, 4.74590258, -1.13000000, 1.13000000
0.70550000, 4.74590258, -1.13000000, 1.13000000
0.70600000, 4.74590258, -1.13000000, 1.13000000
0.70650000, 4.74590258, -1.13000000, 1.13000000
0.70700000, 4.74590258, -1.13000000, 1.13000000
0.70750000, 4.74590258, -1.13000000, 1.13000000
0.70800000, 4.74590258, -1.13000000, 1.13000000
0.70850000, 4.74590258, -1.13000000, 1.13000000
0.70900000, 4.74590258, -1.13000000, 1.13000000
0.70950000, 4.74590258, -1.13000000, 1.13000000
0.71000000, 4.74412885, -1.12750000, 1.12750000
0.71050000, 4.74412885, -1.12750000, 1.12750000
0.71100000, 4.74412885, -1.12750000, 1.12750000
0.71150000, 4.74412885, -1.12750000, 1.12750000
0.71200000, 4.74412885, -1.12750000, 1.12750000
0.71250000, 4.74412885, -1.12750000, 1.12750000
0.71300000, 4.74412885, -1.12750000, 1.12750000
0.71350000, 4.74412885, -1.12750000, 1.12750000
0.71400000, 4.74412885, -1.12750000, 1.12750000
0.71450000, 4.74412885, -1.12750000, 1.12750000
0.71500000, 4.74412885, -1.12750000, 1.12750000
0.71550000, 4.74412885, -1.12750000, 1.12750000
0.71600000, 4.74412885, -1.12750000, 1.12750000
0.71650000, 4.74412885, -1.12750000, 1.12750000
0.71700000, 4.74412885, -1.12750000, 1.12750000
0.71750000, 4.74412885, -1.12750000, 1.12750000
0.71800000, 4.74412885, -1.12750000, 1.12750000
0.71850000, 4.74412885, -1.12750000, 1.12750000
0.71900000, 4.74412885, -1.12750000, 1.12750000
0.71950000, 4.74412885, -1.12750000, 1.12750000
0.72000000, 4.74412885, -1.12750000, 1.12750000
0.72050000, 4.74412885, -1.12750000, 1.12750000
0.72100000, 4.74412885, -1.12750000, 1.12750000
0.72150000, 4.74412885, -1.12750000, 1.12750000
0.72200000, 4.74412885, -1.12750000, 1.12750000
0.72250000, 4.74412885, -1.12750000, 1.12750000
0.72300000, 4.74412885, -1.12750000, 1.12750000
0.72350000, 4.74412885, -1.12750000, 1.12750000
0.72400000, 4.74412885, -1.12750000, 1.12750000
0.72450000, 4.74412885, -1.12750000, 1.12750000
0.72500000, 4.74412885, -1.12750000, 1.12750000
0.72550000, 4.74412885, -1.12750000, 1.12750000
0.72600000, 4.74412885, -1.12750000, 1.12750000
0.72650000, 4.74412885, -1.12750000, 1.12750000
0.72700000, 4.74412885, -1.12750000, 1.12750000
0.72750000, 4.74412885, -1.12750000, 1.12750000
0.72800000, 4.74412885, -1.12750000, 1.12750000
0.72850000, 4.74412885, -1.12750000, 1.12750000
0.72900000, 4.74412885, -1.12750000, 1.12750000
0.72950000, 4.74412885, -1.12750000, 1.12750000
0.73000000, 4.74412885, -1.12750000, 1.12750000
0.73050000, 4.74412885, -1.12750000, 1.12750000
0.73100000, 4.74412885, -1.12750000, 1.12750000
0.73150000, 4.74412885, -1.12750000, 1.12750000
0.73200000, 4.74412885, -1.12750000, 1.12750000
0.73250000, 4.74412885, -1.12750000, 1.12750000
0.73300000, 4.74412885, -1.12750000, 1.12750000
0.73350000, 4.74412885, -1.12750000, 1.12750000
0.73400000, 4.74412885, -1.12750000, 1.12750000
0.73450000, 4.74412885, -1.12750000, 1.12750000
0.73500000, 4.74412885, -1.12750000, 1.12750000
0.73550000, 4.74412885, -1.12750000, 1.12750000
0.73600000, 4.74412885, -1.12750000, 1.12750000
0.73650000, 4.74412885, -1.12750000, 1.12750000
0.73700000, 4.74412885, -1.12750000, 1.12750000
0.73750000, 4.74412885, -1.12750000, 1.12750000
0.73800000, 4.74412885, -1.12750000, 1.12750000
0.73850000, 4.74412885, -1.12750000, 1.12750000
0.73900000, 4.74412885, -1.12750000, 1.12750000
0.73950000, 4.74412885, -1.12750000, 1.12750000
0.74000000, 4.74412885, -1.12750000, 1.12750000
0.74050000, 4.74412885, -1.12750000, 1.12750000
0.74100000, 4.74412885, -1.12750000, 1.12750000
0.74150000, 4.74412885, -1.12750000, 1.12750000
0.74200000, 4.74412885, -1.12750000, 1.12750000
0.74250000, 4.74412885, -1.12750000, 1.12750000
0.74300000, 4.74412885, -1.12750000, 1.12750000
0.74350000, 4.74412885, -1.12750000, 1.12750000
0.74400000, 4.74412885, -1.12750000, 1.12750000
0.74450000, 4.74412885, -1.12750000, 1.12750000
0.74500000, 4.74412885, -1.12750000, 1.12750000
0.74550000, 4.74412885, -1.12750000, 1.12750000
0.74600000, 4.74412885, -1.12750000, 1.12750000
0.74650000, 4.74412885, -1.12750000, 1.12750000
0.74700000, 4.74412885, -1.12750000, 1.12750000
0.74750000, 4.74412885, -1.12750000, 1.12750000
0.74800000, 4.74412885, -1.12750000, 1.12750000
0.74850000, 4.74412885, -1.12750000, 1.12750000
0.74900000, 4.74412885, -1.12750000, 1.12750000
0.74950000, 4.74412885, -1.12750000, 1.12750000
0.75000000, 4.74412885, -1.12750000, 1.12750000
0.75050000, 4.74412885, -1.12750000, 1.12750000
0.75100000, 4.74412885, -1.12750000, 1.12750000
0.75150000, 4.74412885, -1.12750000, 1.12750000
0.75200000, 4.74412885, -1.12750000, 1.12750000
0.75250000, 4.74412885, -1.12750000, 1.12750000
0.75300000, 4.74412885, -1.12750000, 1.12750000
0.75350000, 4.74224611, -1.12500000, 1.12500000
0.75400000, 4.74224611, -1.12500000, 1.12500000
0.75450000, 4.74224611, -1.12500000, 1.12500000
0.75500000, 4.74224611, -1.12500000, 1.12500000
0.75550000, 4.74224611, -1.12500000, 1.12500000
0.75600000, 4.74224611, -1.12500000, 1.12500000
0.75650000, 4.74224611, -1.12500000, 1.12500000
0.75700000, 4.74224611, -1.12500000, 1.12500000
0.75750000, 4.74224611, -1.12500000, 1.12500000
0.75800000, 4.74224611, -1.12500000, 1.12500000
0.75850000, 4.74224611, -1.12500000, 1.12500000
0.75900000, 4.74224611, -1.12500000, 1.12500000
0.75950000, 4.74224611, -1.12500000, 1.12500000
0.76000000, 4.74224611, -1.12500000, 1.12500000
0.76050000, 4.74224611, -1.12500000, 1.12500000
0.76100000, 4.74224611, -1.12500000, 1.12500000
0.76150000, 4.74224611, -1.12500000, 1.12500000
0.76200000, 4.74224611, -1.12500000, 1.12500000
0.76250000, 4.74224611, -1.12500000, 1.12500000
0.76300000, 4.74224611, -1.12500000, 1.12500000
0.76350000, 4.74224611, -1.12500000, 1.12500000
0.76400000, 4.74224611, -1.12500000, 1.12500000
0.76450000, 4.74224611, -1.12500000, 1.12500000
0.76500000, 4.74224611, -1.12500000, 1.12500000
0.76550000, 4.74224611, -1.12500000, 1.12500000
0.76600000, 4.74224611, -1.12500000, 1.12500000
0.76650000, 4.74224611, -1.12500000, 1.12500000
0.76700000, 4.74224611, -1.12500000, 1.12500000
0.76750000, 4.74224611, -1.12500000, 1.12500000
0.76800000, 4.74224611, -1.12500000, 1.12500000
0.76850000, 4.74224611, -1.12500000, 1.12500000
0.76900000, 4.74224611, -1.12500000, 1.12500000
0.76950000, 4.74224611, -1.12500000, 1.12500000
0.77000000, 4.74224611, -1.12500000, 1.12500000
0.77050000, 4.74224611, -1.12500000, 1.12500000
0.77100000, 4.74224611, -1.12500000, 1.12500000
0.77150000, 4.74224611, -1.12500000, 1.12500000
0.77200000, 4.74224611, -1.12500000, 1.12500000
0.77250000, 4.74224611, -1.12500000, 1.12500000
0.77300000, 4.74224611, -1.12500000, 1.12500000
0.77350000, 4.74224611, -1.12500000, 1.12500000
0.77400000, 4.74224611, -1.12500000, 1.12500000
0.77450000, 4.74224611, -1.12500000, 1.12500000
0.77500000, 4.74224611, -1.12500000, 1.12500000
0.77550000, 4.74224611, -1.12500000, 1.12500000
0.77600000, 4.74224611, -1.12500000, 1.12500000
0.77650000, 4.74224611, -1.12500000, 1.12500000
0.77700000, 4.74224611, -1.12500000, 1.12500000
0.77750000, 4.74224611, -1.12500000, 1.12500000
0.77800000, 4.74224611, -1.12500000, 1.12500000
0.77850000, 4.74224611, -1.12500000, 1.12500000
0.77900000, 4.74224611, -1.12500000, 1.12500000
0.77950000, 4.74224611, -1.12500000, 1.12500000
0.78000000, 4.74224611, -1.12500000, 1.12500000
0.78050000, 4.74224611, -1.12500000, 1.12500000
0.78100000, 4.74224611, -1.12500000, 1.12500000
0.78150000, 4.74224611, -1.12500000, 1.12500000
0.78200000, 4.74224611, -1.12500000, 1.12500000
0.78250000, 4.74224611, -1.12500000, 1.12500000
0.78300000, 4.74224611, -1.12500000, 1.12500000
0.78350000, 4.74224611, -1.12500000, 1.12500000
0.78400000, 4.74224611, -1.12500000, 1.12500000
0.78450000, 4.74224611, -1.12500000, 1.12500000
0.78500000, 4.74224611, -1.12500000, 1.12500000
0.78550000, 4.74224611, -1.12500000, 1.12500000
0.78600000, 4.74224611, -1.12500000, 1.12500000
0.78650000, 4.74224611, -1.12500000, 1.12500000
0.78700000, 4.74224611, -1.12500000, 1.12500000
0.78750000, 4.74224611, -1.12500000, 1.12500000
0.78800000, 4.74224611, -1.12500000, 1.12500000
0.78850000, 4.74224611, -1.12500000, 1.12500000
0.78900000, 4.74224611, -1.12500000, 1.12500000
0.78950000, 4.74224611, -1.12500000, 1.12500000
0.79000000, 4.74224611, -1.12500000, 1.12500000
0.79050000, 4.74224611, -1.12500000, 1.12500000
0.79100000, 4.74224611, -1.12500000, 1.12500000
0.79150000, 4.74224611, -1.12500000, 1.12500000
0.79200000, 4.74224611, -1.12500000, 1.12500000
0.79250000, 4.74224611, -1.12500000, 1.12500000
0.79300000, 4.74224611, -1.12500000, 1.12500000
0.79350000, 4.74224611, -1.12500000, 1.12500000
0.79400000, 4.74224611, -1.12500000, 1.12500000
0.79450000, 4.74224611, -1.12500000, 1.12500000
0.79500000, 4.74224611, -1.12500000, 1.12500000
0.79550000, 4.74224611, -1.12500000, 1.12500000
0.79600000, 4.74224611, -1.12500000, 1.12500000
0.79650000, 4.74025442, -1.12250000, 1.12250000
0.79700000, 4.74025442, -1.12250000, 1.12250000
0.79750000, 4.74025442, -1.12250000, 1.12250000
0.79800000, 4.74025442, -1.12250000, 1.12250000
0.79850000, 4.74025442, -1.12250000, 1.12250000
0.79900000, 4.74025442, -1.12250000, 1.12250000
0.79950000, 4.74025442, -1.12250000, 1.12250000
0.80000000, 4.74025442, -1.12250000, 1.12250000
0.80050000, 4.74025442, -1.12250000, 1.12250000
0.80100000, 4.74025442, -1.12250000, 1.12250000
0.80150000, 4.74025442, -1.12250000, 1.12250000
0.80200000, 4.74025442, -1.12250000, 1.12250000
0.80250000, 4.74025442, -1.12250000, 1.12250000
0.80300000, 4.74025442, -1.12250000, 1.12250000
0.80350000, 4.74025442, -1.12250000, 1.12250000
0.80400000, 4.74025442, -1.12250000, 1.12250000
0.80450000, 4.74025442, -1.12250000, 1.12250000
0.80500000, 4.74025442, -1.12250000, 1.12250000
0.80550000, 4.74025442, -1.12250000, 1.12250000
0.80600000, 4.74025442, -1.12250000, 1.12250000
0.80650000, 4.74025442, -1.12250000, 1.12250000
0.80700000, 4.74025442, -1.12250000, 1.12250000
0.80750000, 4.74025442, -1.12250000, 1.12250000
0.80800000, 4.74025442, -1.12250000, 1.12250000
0.80850000, 4.74025442, -1.12250000, 1.12250000
0.80900000, 4.74025442, -1.12250000, 1.12250000
0.80950000, 4.74025442, -1.12250000, 1.12250000
0.81000000, 4.74025442, -1.12250000, 1.12250000
0.81050000, 4.74025442, -1.12250000, 1.12250000
0.81100000, 4.74025442, -1.12250000, 1.12250000
0.81150000, 4.74025442, -1.12250000, 1.12250000
0.81200000, 4.74025442, -1.12250000, 1.12250000
0.81250000, 4.74025442, -1.12250000, 1.12250000
0.81300000, 4.74025442, -1.12250000, 1.12250000
0.81350000, 4.74025442, -1.12250000, 1.12250000
0.81400000, 4.74025442, -1.12250000, 1.12250000
0.81450000, 4.74025442, -1.12250000, 1.12250000
0.81500000, 4.74025442, -1.12250000, 1.12250000
0.81550000, 4.74025442, -1.12250000, 1.12250000
0.81600000, 4.74025442, -1.12250000, 1.12250000
0.81650000, 4.74025442, -1.12250000, 1.12250000
0.81700000, 4.74025442, -1.12250000, 1.12250000
0.81750000, 4.74025442, -1.12250000, 1.12250000
0.81800000, 4.74025442, -1.12250000, 1.12250000
0.81850000, 4.74025442, -1.12250000, 1.12250000
0.81900000, 4.74025442, -1.12250000, 1.12250000
0.81950000, 4.74025442, -1.12250000, 1.12250000
0.82000000, 4.74025442, -1.12250000, 1.12250000
0.82050000, 4.74025442, -1.12250000, 1.12250000
0.82100000, 4.74025442, -1.12250000, 1.12250000
0.82150000, 4.74025442, -1.12250000, 1.12250000
0.82200000, 4.74025442, -1.12250000, 1.12250000
0.82250000, 4.74025442, -1.12250000, 1.12250000
0.82300000, 4.74025442, -1.12250000, 1.12250000
0.82350000, 4.74025442, -1.12250000, 1.12250000
0.82400000, 4.74025442, -1.12250000, 1.12250000
0.82450000, 4.74025442, -1.12250000, 1.12250000
0.82500000, 4.74025442, -1.12250000, 1.12250000
0.82550000, 4.74025442, -1.12250000, 1.12250000
0.82600000, 4.74025442, -1.12250000, 1.12250000
0.82650000, 4.74025442, -1.12250000, 1.12250000
0.82700000, 4.74025442, -1.12250000, 1.12250000
0.82750000, 4.74025442, -1.12250000, 1.12250000
0.82800000, 4.74025442, -1.12250000, 1.12250000
0.82850000, 4.74025442, -1.12250000, 1.12250000
0.82900000, 4.74025442, -1.12250000, 1.12250000
0.82950000, 4.74025442, -1.12250000, 1.12250000
0.83000000, 4.74025442, -1.12250000, 1.12250000
0.83050000, 4.74025442, -1.12250000, 1.12250000
0.83100000, 4.74025442, -1.12250000, 1.12250000
0.83150000, 4.74025442, -1.12250000, 1.12250000
0.83200000, 4.74025442, -1.12250000, 1.12250000
0.83250000, 4.74025442, -1.12250000, 1.12250000
0.83300000, 4.74025442, -1.12250000, 1.12250000
0.83350000, 4.74025442, -1.12250000, 1.12250000
0.83400000, 4.74025442, -1.12250000, 1.12250000
0.83450000, 4.74025442, -1.12250000, 1.12250000
0.83500000, 4.74025442, -1.12250000, 1.12250000
0.83550000, 4.74025442, -1.12250000, 1.12250000
0.83600000, 4.74025442, -1.12250000, 1.12250000
0.83650000, 4.74025442, -1.12250000, 1.12250000
0.83700000, 4.74025442, -1.12250000, 1.12250000
0.83750000, 4.73816040, -1.12000000, 1.12000000
0.83800000, 4.73816040, -1.12000000, 1.12000000
0.83850000, 4.73816040, -1.12000000, 1.12000000
0.83900000, 4.73816040, -1.12000000, 1.12000000
0.83950000, 4.73816040, -1.12000000, 1.12000000
0.84000000, 4.73816040, -1.12000000, 1.12000000
0.84050000, 4.73816040, -1.12000000, 1.12000000
0.84100000, 4.73816040, -1.12000000, 1.12000000
0.84150000, 4.73816040, -1.12000000, 1.12000000
0.84200000, 4.73816040, -1.12000000, 1.12000000
0.84250000, 4.73816040, -1.12000000, 1.12000000
0.84300000, 4.73816040, -1.12000000, 1.12000000
0.84350000, 4.73816040, -1.12000000, 1.12000000
0.84400000, 4.73816040, -1.12000000, 1.12000000
0.84450000, 4.73816040, -1.12000000, 1.12000000
0.84500000, 4.73816040, -1.12000000, 1.12000000
0.84550000, 4.73816040, -1.12000000, 1.12000000
0.84600000, 4.73816040, -1.12000000, 1.12000000
0.84650000, 4.73816040, -1.12000000, 1.12000000
0.84700000, 4.73816040, -1.12000000, 1.12000000
0.84750000, 4.73816040, -1.12000000, 1.12000000
0.84800000, 4.73816040, -1.12000000, 1.12000000
0.84850000, 4.73816040, -1.12000000, 1.12000000
0.84900000, 4.73816040, -1.12000000, 1.12000000
0.84950000, 4.73816040, -1.12000000, 1.12000000
0.85000000, 4.73816040, -1.12000000, 1.12000000
0.85050000, 4.73816040, -1.12000000, 1.12000000
0.85100000, 4.73816040, -1.12000000, 1.12000000
0.85150000, 4.73816040, -1.12000000, 1.12000000
0.85200000, 4.73816040, -1.12000000, 1.12000000
0.85250000, 4.73816040, -1.12000000, 1.12000000
0.85300000, 4.73816040, -1.12000000, 1.12000000
0.85350000, 4.73816040, -1.12000000, 1.12000000
0.85400000, 4.73816040, -1.12000000, 1.12000000
0.85450000, 4.73816040, -1.12000000, 1.12000000
0.85500000, 4.73816040, -1.12000000, 1.12000000
0.85550000, 4.73816040, -1.12000000, 1.12000000
0.85600000, 4.73816040, -1.12000000, 1.12000000
0.85650000, 4.73816040, -1.12000000, 1.12000000
0.85700000, 4.73816040, -1.12000000, 1.12000000
0.85750000, 4.73816040, -1.12000000, 1.12000000
0.85800000, 4.73816040, -1.12000000, 1.12000000
0.85850000, 4.73816040, -1.12000000, 1.12000000
0.85900000, 4.73816040, -1.12000000, 1.12000000
0.85950000, 4.73816040, -1.12000000, 1.12000000
0.86000000, 4.73816040, -1.12000000, 1.12000000
0.86050000, 4.73816040, -1.12000000, 1.12000000
0.86100000, 4.73816040, -1.12000000, 1.12000000
0.86150000, 4.73816040, -1.12000000, 1.12000000
0.86200000, 4.73816040, -1.12000000, 1.12000000
0.86250000, 4.73816040, -1.12000000, 1.12000000
0.86300000, 4.73816040, -1.12000000, 1.12000000
0.86350000, 4.73816040, -1.12000000, 1.12000000
0.86400000, 4.73816040, -1.12000000, 1.12000000
0.86450000, 4.73816040, -1.12000000, 1.12000000
0.86500000, 4.73816040, -1.12000000, 1.12000000
0.86550000, 4.73816040, -1.12000000, 1.12000000
0.86600000, 4.73816040, -1.12000000, 1.12000000
0.86650000, 4.73816040, -1.12000000, 1.12000000
0.86700000, 4.73816040, -1.12000000, 1.12000000
0.86750000, 4.73816040, -1.12000000, 1.12000000
0.86800000, 4.73816040, -1.12000000, 1.12000000
0.86850000, 4.73816040, -1.12000000, 1.12000000
0.86900000, 4.73816040, -1.12000000, 1.12000000
0.86950000, 4.73816040, -1.12000000, 1.12000000
0.87000000, 4.73816040, -1.12000000, 1.12000000
0.87050000, 4.73816040, -1.12000000, 1.12000000
0.87100000, 4.73816040, -1.12000000, 1.12000000
0.87150000, 4.73816040, -1.12000000, 1.12000000
0.87200000, 4.73816040, -1.12000000, 1.12000000
0.87250000, 4.73816040, -1.12000000, 1.12000000
0.87300000, 4.73816040, -1.12000000, 1.12000000
0.87350000, 4.73597569, -1.11750000, 1.11750000
0.87400000, 4.73597569, -1.11750000, 1.11750000
0.87450000, 4.73597569, -1.11750000, 1.11750000
0.87500000, 4.73597569, -1.11750000, 1.11750000
0.87550000, 4.73597569, -1.11750000, 1.11750000
0.87600000, 4.73597569, -1.11750000, 1.11750000
0.87650000, 4.73597569, -1.11750000, 1.11750000
0.87700000, 4.73597569, -1.11750000, 1.11750000
0.87750000, 4.73597569, -1.11750000, 1.11750000
0.87800000, 4.73597569, -1.11750000, 1.11750000
0.87850000, 4.73597569, -1.11750000, 1.11750000
0.87900000, 4.73597569, -1.11750000, 1.11750000
0.87950000, 4.73597569, -1.11750000, 1.11750000
0.88000000, 4.73597569, -1.11750000, 1.11750000
0.88050000, 4.73597569, -1.11750000, 1.11750000
0.88100000, 4.73597569, -1.11750000, 1.11750000
0.88150000, 4.73597569, -1.11750000, 1.11750000
0.88200000, 4.73597569, -1.11750000, 1.11750000
0.88250000, 4.73597569, -1.11750000, 1.11750000
0.88300000, 4.73597569, -1.11750000, 1.11750000
0.88350000, 4.73597569, -1.11750000, 1.11750000
0.88400000, 4.73597569, -1.11750000, 1.11750000
0.88450000, 4.73597569, -1.11750000, 1.11750000
0.88500000, 4.73597569, -1.11750000, 1.11750000
0.88550000, 4.73597569, -1.11750000, 1.11750000
0.88600000, 4.73597569, -1.11750000, 1.11750000
0.88650000, 4.73597569, -1.11750000, 1.11750000
0.88700000, 4.73597569, -1.11750000, 1.11750000
0.88750000, 4.73597569, -1.11750000, 1.11750000
0.88800000, 4.73597569, -1.11750000, 1.11750000
0.88850000, 4.73597569, -1.11750000, 1.11750000
0.88900000, 4.73597569, -1.11750000, 1.11750000
0.88950000, 4.73597569, -1.11750000, 1.11750000
0.89000000, 4.73597569, -1.11750000, 1.11750000
0.89050000, 4.73597569, -1.11750000, 1.11750000
0.89100000, 4.73597569, -1.11750000, 1.11750000
0.89150000, 4.73597569, -1.11750000, 1.11750000
0.89200000, 4.73597569, -1.11750000, 1.11750000
0.89250000, 4.73597569, -1.11750000, 1.11750000
0.89300000, 4.73597569, -1.11750000, 1.11750000
0.89350000, 4.73597569, -1.11750000, 1.11750000
0.89400000, 4.73597569, -1.11750000, 1.11750000
0.89450000, 4.73597569, -1.11750000, 1.11750000
0.89500000, 4.73597569, -1.11750000, 1.11750000
0.89550000, 4.73597569, -1.11750000, 1.11750000
0.89600000, 4.73597569, -1.11750000, 1.11750000
0.89650000, 4.73597569, -1.11750000, 1.11750000
0.89700000, 4.73597569, -1.11750000, 1.11750000
0.89750000, 4.73597569, -1.11750000, 1.11750000
0.89800000, 4.73597569, -1.11750000, 1.11750000
0.89850000, 4.73597569, -1.11750000, 1.11750000
0.89900000, 4.73597569, -1.11750000, 1.11750000
0.89950000, 4.73597569, -1.11750000, 1.11750000
0.90000000, 4.73597569, -1.11750000, 1.11750000
0.90050000, 4.73597569, -1.11750000, 1.11750000
0.90100000, 4.73597569, -1.11750000, 1.11750000
0.90150000, 4.73597569, -1.11750000, 1.11750000
0.90200000, 4.73597569, -1.11750000, 1.11750000
0.90250000, 4.73597569, -1.11750000, 1.11750000
0.90300000, 4.73597569, -1.11750000, 1.11750000
0.90350000, 4.73597569, -1.11750000, 1.11750000
0.90400000, 4.73371471, -1.11500000, 1.11500000
0.90450000, 4.73371471, -1.11500000, 1.11500000
0.90500000, 4.73371471, -1.11500000, 1.11500000
0.90550000, 4.73371471, -1.11500000, 1.11500000
0.90600000, 4.73371471, -1.11500000, 1.11500000
0.90650000, 4.73371471, -1.11500000, 1.11500000
0.90700000, 4.73371471, -1.11500000, 1.11500000
0.90750000, 4.73371471, -1.11500000, 1.11500000
0.90800000, 4.73371471, -1.11500000, 1.11500000
0.90850000, 4.73371471, -1.11500000, 1.11500000
0.90900000, 4.73371471, -1.11500000, 1.11500000
0.90950000, 4.73371471, -1.11500000, 1.11500000
0.91000000, 4.73371471, -1.11500000, 1.11500000
0.91050000, 4.73371471, -1.11500000, 1.11500000
0.91100000, 4.73371471, -1.11500000, 1.11500000
0.91150000, 4.73371471, -1.11500000, 1.11500000
0.91200000, 4.73371471, -1.11500000, 1.11500000
0.91250000, 4.73371471, -1.11500000, 1.11500000
0.91300000, 4.73371471, -1.11500000, 1.11500000
0.91350000, 4.73371471, -1.11500000, 1.11500000
0.91400000, 4.73371471, -1.11500000, 1.11500000
0.91450000, 4.73371471, -1.11500000, 1.11500000
0.91500000, 4.73371471, -1.11500000, 1.11500000
0.91550000, 4.73371471, -1.11500000, 1.11500000
0.91600000, 4.73371471, -1.11500000, 1.11500000
0.91650000, 4.73371471, -1.11500000, 1.11500000
0.91700000, 4.73371471, -1.11500000, 1.11500000
0.91750000, 4.73371471, -1.11500000, 1.11500000
0.91800000, 4.73371471, -1.11500000, 1.11500000
0.91850000, 4.73371471, -1.11500000, 1.11500000
0.91900000, 4.73371471, -1.11500000, 1.11500000
0.91950000, 4.73371471, -1.11500000, 1.11500000
0.92000000, 4.73371471, -1.11500000, 1.11500000
0.92050000, 4.73371471, -1.11500000, 1.11500000
0.92100000, 4.73371471, -1.11500000, 1.11500000
0.92150000, 4.73371471, -1.11500000, 1.11500000
0.92200000, 4.73371471, -1.11500000, 1.11500000
0.92250000, 4.73371471, -1.11500000, 1.11500000
0.92300000, 4.73371471, -1.11500000, 1.11500000
0.92350000, 4.73371471, -1.11500000, 1.11500000
0.92400000, 4.73371471, -1.11500000, 1.11500000
0.92450000, 4.73371471, -1.11500000, 1.11500000
0.92500000, 4.73371471, -1.11500000, 1.11500000
0.92550000, 4.73371471, -1.11500000, 1.11500000
0.92600000, 4.73371471, -1.11500000, 1.11500000
0.92650000, 4.73371471, -1.11500000, 1.11500000
0.92700000, 4.73371471, -1.11500000, 1.11500000
0.92750000, 4.73371471, -1.11500000, 1.11500000
0.92800000, 4.73371471, -1.11500000, 1.11500000
0.92850000, 4.73139234, -1.11250000, 1.11250000
0.92900000, 4.73139234, -1.11250000, 1.11250000
0.92950000, 4.73139234, -1.11250000, 1.11250000
0.93000000, 4.73139234, -1.11250000, 1.11250000
0.93050000, 4.73139234, -1.11250000, 1.11250000
0.93100000, 4.73139234, -1.11250000, 1.11250000
0.93150000, 4.73139234, -1.11250000, 1.11250000
0.93200000, 4.73139234, -1.11250000, 1.11250000
0.93250000, 4.73139234, -1.11250000, 1.11250000
0.93300000, 4.73139234, -1.11250000, 1.11250000
0.93350000, 4.73139234, -1.11250000, 1.11250000
0.93400000, 4.73139234, -1.11250000, 1.11250000
0.93450000, 4.73139234, -1.11250000, 1.11250000
0.93500000, 4.73139234, -1.11250000, 1.11250000
0.93550000, 4.73139234, -1.11250000, 1.11250000
0.93600000, 4.73139234, -1.11250000, 1.11250000
0.93650000, 4.73139234, -1.11250000, 1.11250000
0.93700000, 4.73139234, -1.11250000, 1.11250000
0.93750000, 4.73139234, -1.11250000, 1.11250000
0.93800000, 4.73139234, -1.11250000, 1.11250000
0.93850000, 4.73139234, -1.11250000, 1.11250000
0.93900000, 4.73139234, -1.11250000, 1.11250000
0.93950000, 4.73139234, -1.11250000, 1.11250000
0.94000000, 4.73139234, -1.11250000, 1.11250000
0.94050000, 4.73139234, -1.11250000, 1.11250000
0.94100000, 4.73139234, -1.11250000, 1.11250000
0.94150000, 4.73139234, -1.11250000, 1.11250000
0.94200000, 4.73139234, -1.11250000, 1.11250000
0.94250000, 4.73139234, -1.11250000, 1.11250000
0.94300000, 4.73139234, -1.11250000, 1.11250000
0.94350000, 4.73139234, -1.11250000, 1.11250000
0.94400000, 4.73139234, -1.11250000, 1.11250000
0.94450000, 4.73139234, -1.11250000, 1.11250000
0.94500000, 4.73139234, -1.11250000, 1.11250000
0.94550000, 4.73139234, -1.11250000, 1.11250000
0.94600000, 4.73139234, -1.11250000, 1.11250000
0.94650000, 4.73139234, -1.11250000, 1.11250000
0.94700000, 4.73139234, -1.11250000, 1.11250000
0.94750000, 4.73139234, -1.11250000, 1.11250000
0.94800000, 4.72902229, -1.11000000, 1.11000000
0.94850000, 4.72902229, -1.11000000, 1.11000000
0.94900000, 4.72902229, -1.11000000, 1.11000000
0.94950000, 4.72902229, -1.11000000, 1.11000000
0.95000000, 4.72902229, -1.11000000, 1.11000000
0.95050000, 4.72902229, -1.11000000, 1.11000000
0.95100000, 4.72902229, -1.11000000, 1.11000000
0.95150000, 4.72902229, -1.11000000, 1.11000000
0.95200000, 4.72902229, -1.11000000, 1.11000000
0.95250000, 4.72902229, -1.11000000, 1.11000000
0.95300000, 4.72902229, -1.11000000, 1.11000000
0.95350000, 4.72902229, -1.11000000, 1.11000000
0.95400000, 4.72902229, -1.11000000, 1.11000000
0.95450000, 4.72902229, -1.11000000, 1.11000000
0.95500000, 4.72902229, -1.11000000, 1.11000000
0.95550000, 4.72902229, -1.11000000, 1.11000000
0.95600000, 4.72902229, -1.11000000, 1.11000000
0.95650000, 4.72902229, -1.11000000, 1.11000000
0.95700000, 4.72902229, -1.11000000, 1.11000000
0.95750000, 4.72902229, -1.11000000, 1.11000000
0.95800000, 4.72902229, -1.11000000, 1.11000000
0.95850000, 4.72902229, -1.11000000, 1.11000000
0.95900000, 4.72902229, -1.11000000, 1.11000000
0.95950000, 4.72902229, -1.11000000, 1.11000000
0.96000000, 4.72902229, -1.11000000, 1.11000000
0.96050000, 4.72902229, -1.11000000, 1.11000000
0.96100000, 4.72902229, -1.11000000, 1.11000000
0.96150000, 4.72902229, -1.11000000, 1.11000000
0.96200000, 4.72902229, -1.11000000, 1.11000000
0.96250000, 4.72661623, -1.10750000, 1.10750000
0.96300000, 4.72661623, -1.10750000, 1.10750000
0.96350000, 4.72661623, -1.10750000, 1.10750000
0.96400000, 4.72661623, -1.10750000, 1.10750000
0.96450000, 4.72661623, -1.10750000, 1.10750000
0.96500000, 4.72661623, -1.10750000, 1.10750000
0.96550000, 4.72661623, -1.10750000, 1.10750000
0.96600000, 4.72661623, -1.10750000, 1.10750000
0.96650000, 4.72661623, -1.10750000, 1.10750000
0.96700000, 4.72661623, -1.10750000, 1.10750000
0.96750000, 4.72661623, -1.10750000, 1.10750000
0.96800000, 4.72661623, -1.10750000, 1.10750000
0.96850000, 4.72661623, -1.10750000, 1.10750000
0.96900000, 4.72661623, -1.10750000, 1.10750000
0.96950000, 4.72661623, -1.10750000, 1.10750000
0.97000000, 4.72661623, -1.10750000, 1.10750000
0.97050000, 4.72661623, -1.10750000, 1.10750000
0.97100000, 4.72661623, -1.10750000, 1.10750000
0.97150000, 4.72661623, -1.10750000, 1.10750000
0.97200000, 4.72661623, -1.10750000, 1.10750000
0.97250000, 4.72661623, -1.10750000, 1.10750000
0.97300000, 4.72418352, -1.10500000, 1.10500000
0.97350000, 4.72418352, -1.10500000, 1.10500000
0.97400000, 4.72418352, -1.10500000, 1.10500000
0.97450000, 4.72418352, -1.10500000, 1.10500000
0.97500000, 4.72418352, -1.10500000, 1.10500000
0.97550000, 4.72418352, -1.10500000, 1.10500000
0.97600000, 4.72418352, -1.10500000, 1.10500000
0.97650000, 4.72418352, -1.10500000, 1.10500000
0.97700000, 4.72418352, -1.10500000, 1.10500000
0.97750000, 4.72418352, -1.10500000, 1.10500000
0.97800000, 4.72418352, -1.10500000, 1.10500000
0.97850000, 4.72418352, -1.10500000, 1.10500000
0.97900000, 4.72418352, -1.10500000, 1.10500000
0.97950000, 4.72418352, -1.10500000, 1.10500000
0.98000000, 4.72418352, -1.10500000, 1.10500000
0.98050000, 4.72418352, -1.10500000, 1.10500000
0.98100000, 4.72173141, -1.10250000, 1.10250000
0.98150000, 4.72173141, -1.10250000, 1.10250000
0.98200000, 4.72173141, -1.10250000, 1.10250000
0.98250000, 4.72173141, -1.10250000, 1.10250000
0.98300000, 4.72173141, -1.10250000, 1.10250000
0.98350000, 4.72173141, -1.10250000, 1.10250000
0.98400000, 4.72173141, -1.10250000, 1.10250000
0.98450000, 4.72173141, -1.10250000, 1.10250000
0.98500000, 4.72173141, -1.10250000, 1.10250000
0.98550000, 4.72173141, -1.10250000, 1.10250000
0.98600000, 4.72173141, -1.10250000, 1.10250000
0.98650000, 4.71926534, -1.10000000, 1.10000000
0.98700000, 4.71926534, -1.10000000, 1.10000000
0.98750000, 4.71926534, -1.10000000, 1.10000000
0.98800000, 4.71926534, -1.10000000, 1.10000000
0.98850000, 4.71926534, -1.10000000, 1.10000000
0.98900000, 4.71926534, -1.10000000, 1.10000000
0.98950000, 4.71926534, -1.10000000, 1.10000000
0.99000000, 4.71926534, -1.10000000, 1.10000000
0.99050000, 4.71678930, -1.09750000, 1.09750000
0.99100000, 4.71678930, -1.09750000, 1.09750000
0.99150000, 4.71678930, -1.09750000, 1.09750000
0.99200000, 4.71678930, -1.09750000, 1.09750000
0.99250000, 4.71678930, -1.09750000, 1.09750000
0.99300000, 4.71678930, -1.09750000, 1.09750000
0.99350000, 4.71430617, -1.09500000, 1.09500000
0.99400000, 4.71430617, -1.09500000, 1.09500000
0.99450000, 4.71430617, -1.09500000, 1.09500000
0.99500000, 4.71430617, -1.09500000, 1.09500000
0.99550000, 4.71181804, -1.09250000, 1.09250000
0.99600000, 4.71181804, -1.09250000, 1.09250000
0.99650000, 4.71181804, -1.09250000, 1.09250000
0.99700000, 4.70932637, -1.09000000, 1.09000000
0.99750000, 4.70932637, -1.09000000, 1.09000000
0.99800000, 4.70683223, -1.08750000, 1.08750000
0.99850000, 4.70433633, -1.08500000, 1.08500000
0.99900000, 4.70183922, -1.08250000, 1.08250000
0.99950000, 4.69684266, -1.07750000, 1.07750000
1.00000000, 2.39934600, 1.22000000, -1.22000000
